INFO: [VRFC 10-2263] Analyzing Verilog file "C:/work/Resistor-Capacitance-Inductance-Measurement-System/RCIMS/RCIMS.sim/sim_1/impl/timing/system_wrapper_time_impl.v" into library xil_defaultlib
INFO: [VRFC 10-311] analyzing module ADC_v1_0
INFO: [VRFC 10-311] analyzing module ADC_v1_0_S00_AXI
INFO: [VRFC 10-311] analyzing module Clk_4_Div
INFO: [VRFC 10-311] analyzing module DDS_v1_0
INFO: [VRFC 10-311] analyzing module DDS_v1_0_S00_AXI
INFO: [VRFC 10-311] analyzing module adc
INFO: [VRFC 10-311] analyzing module axi_crossbar_v2_1_14_addr_arbiter_sasd
INFO: [VRFC 10-311] analyzing module axi_crossbar_v2_1_14_axi_crossbar
INFO: [VRFC 10-311] analyzing module axi_crossbar_v2_1_14_crossbar_sasd
INFO: [VRFC 10-311] analyzing module axi_crossbar_v2_1_14_decerr_slave
INFO: [VRFC 10-311] analyzing module axi_crossbar_v2_1_14_splitter
INFO: [VRFC 10-311] analyzing module axi_crossbar_v2_1_14_splitter__parameterized0
INFO: [VRFC 10-311] analyzing module axi_protocol_converter_v2_1_13_axi_protocol_converter
INFO: [VRFC 10-311] analyzing module axi_protocol_converter_v2_1_13_b2s
INFO: [VRFC 10-311] analyzing module axi_protocol_converter_v2_1_13_b2s_ar_channel
INFO: [VRFC 10-311] analyzing module axi_protocol_converter_v2_1_13_b2s_aw_channel
INFO: [VRFC 10-311] analyzing module axi_protocol_converter_v2_1_13_b2s_b_channel
INFO: [VRFC 10-311] analyzing module axi_protocol_converter_v2_1_13_b2s_cmd_translator
INFO: [VRFC 10-311] analyzing module axi_protocol_converter_v2_1_13_b2s_cmd_translator_2
INFO: [VRFC 10-311] analyzing module axi_protocol_converter_v2_1_13_b2s_incr_cmd
INFO: [VRFC 10-311] analyzing module axi_protocol_converter_v2_1_13_b2s_incr_cmd_3
INFO: [VRFC 10-311] analyzing module axi_protocol_converter_v2_1_13_b2s_r_channel
INFO: [VRFC 10-311] analyzing module axi_protocol_converter_v2_1_13_b2s_rd_cmd_fsm
INFO: [VRFC 10-311] analyzing module axi_protocol_converter_v2_1_13_b2s_simple_fifo
INFO: [VRFC 10-311] analyzing module axi_protocol_converter_v2_1_13_b2s_simple_fifo__parameterized0
INFO: [VRFC 10-311] analyzing module axi_protocol_converter_v2_1_13_b2s_simple_fifo__parameterized1
INFO: [VRFC 10-311] analyzing module axi_protocol_converter_v2_1_13_b2s_simple_fifo__parameterized2
INFO: [VRFC 10-311] analyzing module axi_protocol_converter_v2_1_13_b2s_wr_cmd_fsm
INFO: [VRFC 10-311] analyzing module axi_protocol_converter_v2_1_13_b2s_wrap_cmd
INFO: [VRFC 10-311] analyzing module axi_protocol_converter_v2_1_13_b2s_wrap_cmd_4
INFO: [VRFC 10-311] analyzing module axi_register_slice_v2_1_13_axi_register_slice
INFO: [VRFC 10-311] analyzing module axi_register_slice_v2_1_13_axic_register_slice
INFO: [VRFC 10-311] analyzing module axi_register_slice_v2_1_13_axic_register_slice_1
INFO: [VRFC 10-311] analyzing module axi_register_slice_v2_1_13_axic_register_slice__parameterized1
INFO: [VRFC 10-311] analyzing module axi_register_slice_v2_1_13_axic_register_slice__parameterized2
INFO: [VRFC 10-311] analyzing module axi_register_slice_v2_1_13_axic_register_slice__parameterized7
INFO: [VRFC 10-311] analyzing module cdc_sync_0
INFO: [VRFC 10-311] analyzing module lpf
INFO: [VRFC 10-311] analyzing module proc_sys_reset
INFO: [VRFC 10-311] analyzing module processing_system7_v5_5_processing_system7
INFO: [VRFC 10-311] analyzing module s00_couplers_imp_11SE3QO
INFO: [VRFC 10-311] analyzing module sequence_psr
INFO: [VRFC 10-311] analyzing module spi_master
INFO: [VRFC 10-311] analyzing module system
INFO: [VRFC 10-311] analyzing module system_ADC_0_0
INFO: [VRFC 10-311] analyzing module system_Clk_4_Div_0_0
INFO: [VRFC 10-311] analyzing module system_ComplementCalibration_0_0
INFO: [VRFC 10-311] analyzing module system_DDS_0_1
INFO: [VRFC 10-311] analyzing module system_auto_pc_0
INFO: [VRFC 10-311] analyzing module system_clk_wiz_0_0
INFO: [VRFC 10-311] analyzing module system_clk_wiz_0_0_clk_wiz
INFO: [VRFC 10-311] analyzing module system_dds_compiler_0_1
INFO: [VRFC 10-311] analyzing module system_processing_system7_0_0
INFO: [VRFC 10-311] analyzing module system_ps7_0_axi_periph_0
INFO: [VRFC 10-311] analyzing module system_rst_ps7_0_50M_0
INFO: [VRFC 10-311] analyzing module system_wrapper
INFO: [VRFC 10-311] analyzing module system_xbar_0
INFO: [VRFC 10-311] analyzing module upcnt_n
INFO: [VRFC 10-311] analyzing module dds_compiler_v6_0_13
INFO: [VRFC 10-311] analyzing module accum
INFO: [VRFC 10-311] analyzing module dds_compiler_v6_0_13_core
INFO: [VRFC 10-311] analyzing module dds_compiler_v6_0_13_viv
INFO: [VRFC 10-311] analyzing module pipe_add
INFO: [VRFC 10-311] analyzing module sin_cos
INFO: [VRFC 10-311] analyzing module xbip_pipe_v3_0_3_viv_5
INFO: [VRFC 10-311] analyzing module xbip_pipe_v3_0_3_viv__parameterized7
INFO: [VRFC 10-311] analyzing module glbl
