Copyright 1986-2017 Xilinx, Inc. All Rights Reserved.
----------------------------------------------------------------------------------------------
| Tool Version : Vivado v.2017.2 (win64) Build 1909853 Thu Jun 15 18:39:09 MDT 2017
| Date         : Thu Dec  7 21:11:51 2017
| Host         : DESKTOP-GLIA512 running 64-bit major release  (build 9200)
| Command      : report_clock_utilization -file RCIMS_bd_wrapper_clock_utilization_routed.rpt
| Design       : RCIMS_bd_wrapper
| Device       : 7z010-clg400
| Speed File   : -1  PRODUCTION 1.11 2014-09-11
----------------------------------------------------------------------------------------------

Clock Utilization Report

Table of Contents
-----------------
1. Clock Primitive Utilization
2. Global Clock Resources
3. Global Clock Source Details
4. Clock Regions: Key Resource Utilization
5. Clock Regions : Global Clock Summary
6. Device Cell Placement Summary for Global Clock g0
7. Device Cell Placement Summary for Global Clock g1
8. Device Cell Placement Summary for Global Clock g2
9. Device Cell Placement Summary for Global Clock g3
10. Device Cell Placement Summary for Global Clock g4
11. Device Cell Placement Summary for Global Clock g5
12. Device Cell Placement Summary for Global Clock g6
13. Device Cell Placement Summary for Global Clock g7
14. Clock Region Cell Placement per Global Clock: Region X0Y0
15. Clock Region Cell Placement per Global Clock: Region X1Y0
16. Clock Region Cell Placement per Global Clock: Region X0Y1
17. Clock Region Cell Placement per Global Clock: Region X1Y1

1. Clock Primitive Utilization
------------------------------

+----------+------+-----------+-----+--------------+--------+
| Type     | Used | Available | LOC | Clock Region | Pblock |
+----------+------+-----------+-----+--------------+--------+
| BUFGCTRL |    7 |        32 |   0 |            0 |      0 |
| BUFH     |    1 |        48 |   0 |            0 |      0 |
| BUFIO    |    0 |         8 |   0 |            0 |      0 |
| BUFMR    |    0 |         4 |   0 |            0 |      0 |
| BUFR     |    0 |         8 |   0 |            0 |      0 |
| MMCM     |    2 |         2 |   0 |            0 |      0 |
| PLL      |    0 |         2 |   0 |            0 |      0 |
+----------+------+-----------+-----+--------------+--------+


2. Global Clock Resources
-------------------------

+-----------+-----------+-----------------+------------+----------------+--------------+-------------------+-------------+-----------------+--------------+-------------------------------+-------------------------------------------------------------------------------------------------------------------------+-----------------------------------------------------------------------------------------------------------------------------------+
| Global Id | Source Id | Driver Type/Pin | Constraint | Site           | Clock Region | Load Clock Region | Clock Loads | Non-Clock Loads | Clock Period | Clock                         | Driver Pin                                                                                                              | Net                                                                                                                               |
+-----------+-----------+-----------------+------------+----------------+--------------+-------------------+-------------+-----------------+--------------+-------------------------------+-------------------------------------------------------------------------------------------------------------------------+-----------------------------------------------------------------------------------------------------------------------------------+
| g0        | src0      | BUFG/O          | None       | BUFGCTRL_X0Y0  | n/a          |                 4 |        1081 |               0 |       20.000 | clk_fpga_0                    | RCIMS_bd_i/processing_system7_0/inst/buffer_fclk_clk_0.FCLK_CLK_0_BUFG/O                                                | RCIMS_bd_i/processing_system7_0/inst/FCLK_CLK0                                                                                    |
| g1        | src1      | BUFGCTRL/O      | None       | BUFGCTRL_X0Y16 | n/a          |                 3 |          88 |               1 |      111.111 | clk_9Mhz_system_clk_wiz_0_0   | RCIMS_bd_i/Display_0/inst/Display_v1_0_S00_AXI_inst/lcd_display_i/inst/system_i/clk_wiz_0/inst/clkout1_buf/O            | RCIMS_bd_i/Display_0/inst/Display_v1_0_S00_AXI_inst/lcd_display_i/inst/system_i/clk_wiz_0/inst/clk_9Mhz                           |
| g2        | src1      | BUFH/O          | None       | BUFHCE_X1Y12   | X1Y1         |                 1 |           8 |               0 |      111.111 | clk_9Mhz_system_clk_wiz_0_0   | RCIMS_bd_i/Display_0/inst/Display_v1_0_S00_AXI_inst/lcd_display_i/inst/system_i/clk_wiz_0/inst/clkout1_buf_en/O         | RCIMS_bd_i/Display_0/inst/Display_v1_0_S00_AXI_inst/lcd_display_i/inst/system_i/clk_wiz_0/inst/clk_9Mhz_system_clk_wiz_0_0_en_clk |
| g3        | src2      | BUFG/O          | None       | BUFGCTRL_X0Y1  | n/a          |                 2 |          67 |               2 |              |                               | RCIMS_bd_i/Clk_4_Div_0/inst/Clk_2Mhz_BUFG_inst/O                                                                        | RCIMS_bd_i/Clk_4_Div_0/inst/Clk_2Mhz_BUFG                                                                                         |
| g4        | src3      | BUFG/O          | None       | BUFGCTRL_X0Y2  | n/a          |                 1 |          31 |               0 |              |                               | RCIMS_bd_i/Display_0/inst/Display_v1_0_S00_AXI_inst/lcd_display_i/inst/system_i/data_combine_module_1/n_0_7_BUFG_inst/O | RCIMS_bd_i/Display_0/inst/Display_v1_0_S00_AXI_inst/lcd_display_i/inst/system_i/data_combine_module_1/n_0_7_BUFG                  |
| g5        | src4      | BUFG/O          | None       | BUFGCTRL_X0Y3  | n/a          |                 1 |           2 |               0 |      125.000 | clk_out1_RCIMS_bd_clk_wiz_0_0 | RCIMS_bd_i/clk_wiz_0/inst/clkout1_buf/O                                                                                 | RCIMS_bd_i/clk_wiz_0/inst/clk_out1                                                                                                |
| g6        | src1      | BUFG/O          | None       | BUFGCTRL_X0Y17 | n/a          |                 1 |           1 |               0 |       20.000 | clkfbout_system_clk_wiz_0_0   | RCIMS_bd_i/Display_0/inst/Display_v1_0_S00_AXI_inst/lcd_display_i/inst/system_i/clk_wiz_0/inst/clkf_buf/O               | RCIMS_bd_i/Display_0/inst/Display_v1_0_S00_AXI_inst/lcd_display_i/inst/system_i/clk_wiz_0/inst/clkfbout_buf_system_clk_wiz_0_0    |
| g7        | src4      | BUFG/O          | None       | BUFGCTRL_X0Y4  | n/a          |                 1 |           1 |               0 |       20.000 | clkfbout_RCIMS_bd_clk_wiz_0_0 | RCIMS_bd_i/clk_wiz_0/inst/clkf_buf/O                                                                                    | RCIMS_bd_i/clk_wiz_0/inst/clkfbout_buf_RCIMS_bd_clk_wiz_0_0                                                                       |
+-----------+-----------+-----------------+------------+----------------+--------------+-------------------+-------------+-----------------+--------------+-------------------------------+-------------------------------------------------------------------------------------------------------------------------+-----------------------------------------------------------------------------------------------------------------------------------+
* Clock Loads column represents the clock pin loads (pin count)
** Non-Clock Loads column represents the non-clock pin loads (pin count)


3. Global Clock Source Details
------------------------------

+-----------+-----------+---------------------+------------+-----------------+--------------+-------------+-----------------+---------------------+-------------------------------+----------------------------------------------------------------------------------------------------------------------------------+--------------------------------------------------------------------------------------------------------------------------------+
| Source Id | Global Id | Driver Type/Pin     | Constraint | Site            | Clock Region | Clock Loads | Non-Clock Loads | Source Clock Period | Source Clock                  | Driver Pin                                                                                                                       | Net                                                                                                                            |
+-----------+-----------+---------------------+------------+-----------------+--------------+-------------+-----------------+---------------------+-------------------------------+----------------------------------------------------------------------------------------------------------------------------------+--------------------------------------------------------------------------------------------------------------------------------+
| src0      | g0        | PS7/FCLKCLK[0]      | PS7_X0Y0   | PS7_X0Y0        | X0Y1         |           1 |               0 |              20.000 | clk_fpga_0                    | RCIMS_bd_i/processing_system7_0/inst/PS7_i/FCLKCLK[0]                                                                            | RCIMS_bd_i/processing_system7_0/inst/FCLK_CLK_unbuffered[0]                                                                    |
| src1      | g1, g2    | MMCME2_ADV/CLKOUT0  | None       | MMCME2_ADV_X0Y1 | X1Y1         |           2 |               0 |             111.111 | clk_9Mhz_system_clk_wiz_0_0   | RCIMS_bd_i/Display_0/inst/Display_v1_0_S00_AXI_inst/lcd_display_i/inst/system_i/clk_wiz_0/inst/mmcm_adv_inst/CLKOUT0             | RCIMS_bd_i/Display_0/inst/Display_v1_0_S00_AXI_inst/lcd_display_i/inst/system_i/clk_wiz_0/inst/clk_9Mhz_system_clk_wiz_0_0     |
| src1      | g6        | MMCME2_ADV/CLKFBOUT | None       | MMCME2_ADV_X0Y1 | X1Y1         |           1 |               0 |              20.000 | clkfbout_system_clk_wiz_0_0   | RCIMS_bd_i/Display_0/inst/Display_v1_0_S00_AXI_inst/lcd_display_i/inst/system_i/clk_wiz_0/inst/mmcm_adv_inst/CLKFBOUT            | RCIMS_bd_i/Display_0/inst/Display_v1_0_S00_AXI_inst/lcd_display_i/inst/system_i/clk_wiz_0/inst/clkfbout_system_clk_wiz_0_0     |
| src2      | g3        | FDRE/Q              | None       | SLICE_X22Y46    | X1Y0         |           1 |               0 |                     |                               | RCIMS_bd_i/Clk_4_Div_0/inst/Clk_2Mhz_reg/Q                                                                                       | RCIMS_bd_i/Clk_4_Div_0/inst/Clk_2Mhz                                                                                           |
| src3      | g4        | LUT6/O              | None       | SLICE_X22Y45    | X1Y0         |           1 |               3 |                     |                               | RCIMS_bd_i/Display_0/inst/Display_v1_0_S00_AXI_inst/lcd_display_i/inst/system_i/data_combine_module_1/inst/n_0_7_BUFG_inst_i_1/O | RCIMS_bd_i/Display_0/inst/Display_v1_0_S00_AXI_inst/lcd_display_i/inst/system_i/data_combine_module_1/inst/n_0_7_BUFG_inst_n_1 |
| src4      | g5        | MMCME2_ADV/CLKOUT0  | None       | MMCME2_ADV_X0Y0 | X1Y0         |           1 |               0 |             125.000 | clk_out1_RCIMS_bd_clk_wiz_0_0 | RCIMS_bd_i/clk_wiz_0/inst/mmcm_adv_inst/CLKOUT0                                                                                  | RCIMS_bd_i/clk_wiz_0/inst/clk_out1_RCIMS_bd_clk_wiz_0_0                                                                        |
| src4      | g7        | MMCME2_ADV/CLKFBOUT | None       | MMCME2_ADV_X0Y0 | X1Y0         |           1 |               0 |              20.000 | clkfbout_RCIMS_bd_clk_wiz_0_0 | RCIMS_bd_i/clk_wiz_0/inst/mmcm_adv_inst/CLKFBOUT                                                                                 | RCIMS_bd_i/clk_wiz_0/inst/clkfbout_RCIMS_bd_clk_wiz_0_0                                                                        |
+-----------+-----------+---------------------+------------+-----------------+--------------+-------------+-----------------+---------------------+-------------------------------+----------------------------------------------------------------------------------------------------------------------------------+--------------------------------------------------------------------------------------------------------------------------------+
* Clock Loads column represents the clock pin loads (pin count)
** Non-Clock Loads column represents the non-clock pin loads (pin count)


4. Clock Regions: Key Resource Utilization
------------------------------------------

+-------------------+--------------+--------------+--------------+--------------+--------------+--------------+--------------+--------------+--------------+--------------+--------------+--------------+--------------+--------------+--------------+
|                   | Global Clock |     BUFRs    |    BUFMRs    |    BUFIOs    |     MMCM     |      PLL     |      GT      |      PCI     |    ILOGIC    |    OLOGIC    |      FF      |     LUTM     |    RAMB18    |    RAMB36    |    DSP48E2   |
+-------------------+------+-------+------+-------+------+-------+------+-------+------+-------+------+-------+------+-------+------+-------+------+-------+------+-------+------+-------+------+-------+------+-------+------+-------+------+-------+
| Clock Region Name | Used | Avail | Used | Avail | Used | Avail | Used | Avail | Used | Avail | Used | Avail | Used | Avail | Used | Avail | Used | Avail | Used | Avail | Used | Avail | Used | Avail | Used | Avail | Used | Avail | Used | Avail |
+-------------------+------+-------+------+-------+------+-------+------+-------+------+-------+------+-------+------+-------+------+-------+------+-------+------+-------+------+-------+------+-------+------+-------+------+-------+------+-------+
| X0Y0              |    3 |    12 |    0 |     0 |    0 |     0 |    0 |     0 |    0 |     0 |    0 |     0 |    0 |     0 |    0 |     0 |    0 |     0 |    0 |     0 |  919 |  1100 |  367 |   400 |    0 |    20 |    0 |    10 |    0 |    20 |
| X1Y0              |    6 |    12 |    0 |     4 |    0 |     2 |    0 |     4 |    1 |     1 |    0 |     1 |    0 |     0 |    0 |     0 |    0 |    50 |    0 |    50 |   37 |  1100 |   12 |   350 |    0 |    40 |    0 |    20 |    0 |    20 |
| X0Y1              |    1 |    12 |    0 |     0 |    0 |     0 |    0 |     0 |    0 |     0 |    0 |     0 |    0 |     0 |    0 |     0 |    0 |     0 |    0 |     0 |  212 |  1100 |   93 |   400 |    0 |    20 |    0 |    10 |    0 |    20 |
| X1Y1              |    4 |    12 |    0 |     4 |    0 |     2 |    0 |     4 |    1 |     1 |    0 |     1 |    0 |     0 |    0 |     0 |    0 |    50 |    0 |    50 |    9 |  1100 |    0 |   350 |    0 |    40 |    0 |    20 |    0 |    20 |
+-------------------+------+-------+------+-------+------+-------+------+-------+------+-------+------+-------+------+-------+------+-------+------+-------+------+-------+------+-------+------+-------+------+-------+------+-------+------+-------+
* Global Clock column represents track count; while other columns represents cell counts


5. Clock Regions : Global Clock Summary
---------------------------------------

+----+----+----+
|    | X0 | X1 |
+----+----+----+
| Y1 |  1 |  4 |
| Y0 |  3 |  6 |
+----+----+----+


6. Device Cell Placement Summary for Global Clock g0
----------------------------------------------------

+-----------+-----------------+-------------------+------------+-------------+----------------+-------------+----------+----------------+----------+------------------------------------------------+
| Global Id | Driver Type/Pin | Driver Region (D) | Clock      | Period (ns) | Waveform (ns)  | Slice Loads | IO Loads | Clocking Loads | GT Loads | Net                                            |
+-----------+-----------------+-------------------+------------+-------------+----------------+-------------+----------+----------------+----------+------------------------------------------------+
| g0        | BUFG/O          | n/a               | clk_fpga_0 |      20.000 | {0.000 10.000} |        1080 |        0 |              1 |        0 | RCIMS_bd_i/processing_system7_0/inst/FCLK_CLK0 |
+-----------+-----------------+-------------------+------------+-------------+----------------+-------------+----------+----------------+----------+------------------------------------------------+
* Logic Loads column represents load cell count of all cell types other than IO, GT and clock resources
** IO Loads column represents load cell count of IO types
*** Clocking Loads column represents load cell count that are clock resources (global clock buffer, MMCM, PLL, etc)
**** GT Loads column represents load cell count of GT types


+----+------+----+
|    | X0   | X1 |
+----+------+----+
| Y1 |  225 |  1 |
| Y0 |  852 |  3 |
+----+------+----+


7. Device Cell Placement Summary for Global Clock g1
----------------------------------------------------

+-----------+-----------------+-------------------+-----------------------------+-------------+----------------+-------------+----------+----------------+----------+---------------------------------------------------------------------------------------------------------+
| Global Id | Driver Type/Pin | Driver Region (D) | Clock                       | Period (ns) | Waveform (ns)  | Slice Loads | IO Loads | Clocking Loads | GT Loads | Net                                                                                                     |
+-----------+-----------------+-------------------+-----------------------------+-------------+----------------+-------------+----------+----------------+----------+---------------------------------------------------------------------------------------------------------+
| g1        | BUFGCTRL/O      | n/a               | clk_9Mhz_system_clk_wiz_0_0 |     111.111 | {0.000 55.556} |          89 |        0 |              0 |        0 | RCIMS_bd_i/Display_0/inst/Display_v1_0_S00_AXI_inst/lcd_display_i/inst/system_i/clk_wiz_0/inst/clk_9Mhz |
+-----------+-----------------+-------------------+-----------------------------+-------------+----------------+-------------+----------+----------------+----------+---------------------------------------------------------------------------------------------------------+
* Logic Loads column represents load cell count of all cell types other than IO, GT and clock resources
** IO Loads column represents load cell count of IO types
*** Clocking Loads column represents load cell count that are clock resources (global clock buffer, MMCM, PLL, etc)
**** GT Loads column represents load cell count of GT types


+----+-----+-----+
|    | X0  | X1  |
+----+-----+-----+
| Y1 |   0 |   2 |
| Y0 |  55 |  32 |
+----+-----+-----+


8. Device Cell Placement Summary for Global Clock g2
----------------------------------------------------

+-----------+-----------------+-------------------+-----------------------------+-------------+----------------+-------------+----------+----------------+----------+-----------------------------------------------------------------------------------------------------------------------------------+
| Global Id | Driver Type/Pin | Driver Region (D) | Clock                       | Period (ns) | Waveform (ns)  | Slice Loads | IO Loads | Clocking Loads | GT Loads | Net                                                                                                                               |
+-----------+-----------------+-------------------+-----------------------------+-------------+----------------+-------------+----------+----------------+----------+-----------------------------------------------------------------------------------------------------------------------------------+
| g2        | BUFH/O          | X1Y1              | clk_9Mhz_system_clk_wiz_0_0 |     111.111 | {0.000 55.556} |           8 |        0 |              0 |        0 | RCIMS_bd_i/Display_0/inst/Display_v1_0_S00_AXI_inst/lcd_display_i/inst/system_i/clk_wiz_0/inst/clk_9Mhz_system_clk_wiz_0_0_en_clk |
+-----------+-----------------+-------------------+-----------------------------+-------------+----------------+-------------+----------+----------------+----------+-----------------------------------------------------------------------------------------------------------------------------------+
* Logic Loads column represents load cell count of all cell types other than IO, GT and clock resources
** IO Loads column represents load cell count of IO types
*** Clocking Loads column represents load cell count that are clock resources (global clock buffer, MMCM, PLL, etc)
**** GT Loads column represents load cell count of GT types


+----+----+--------+
|    | X0 | X1     |
+----+----+--------+
| Y1 |  0 |  (D) 8 |
| Y0 |  0 |      0 |
+----+----+--------+


9. Device Cell Placement Summary for Global Clock g3
----------------------------------------------------

+-----------+-----------------+-------------------+-------+-------------+---------------+-------------+----------+----------------+----------+-------------------------------------------+
| Global Id | Driver Type/Pin | Driver Region (D) | Clock | Period (ns) | Waveform (ns) | Slice Loads | IO Loads | Clocking Loads | GT Loads | Net                                       |
+-----------+-----------------+-------------------+-------+-------------+---------------+-------------+----------+----------------+----------+-------------------------------------------+
| g3        | BUFG/O          | n/a               |       |             |               |          68 |        1 |              0 |        0 | RCIMS_bd_i/Clk_4_Div_0/inst/Clk_2Mhz_BUFG |
+-----------+-----------------+-------------------+-------+-------------+---------------+-------------+----------+----------------+----------+-------------------------------------------+
* Logic Loads column represents load cell count of all cell types other than IO, GT and clock resources
** IO Loads column represents load cell count of IO types
*** Clocking Loads column represents load cell count that are clock resources (global clock buffer, MMCM, PLL, etc)
**** GT Loads column represents load cell count of GT types


+----+-----+----+
|    | X0  | X1 |
+----+-----+----+
| Y1 |   0 |  0 |
| Y0 |  67 |  2 |
+----+-----+----+


10. Device Cell Placement Summary for Global Clock g4
-----------------------------------------------------

+-----------+-----------------+-------------------+-------+-------------+---------------+-------------+----------+----------------+----------+------------------------------------------------------------------------------------------------------------------+
| Global Id | Driver Type/Pin | Driver Region (D) | Clock | Period (ns) | Waveform (ns) | Slice Loads | IO Loads | Clocking Loads | GT Loads | Net                                                                                                              |
+-----------+-----------------+-------------------+-------+-------------+---------------+-------------+----------+----------------+----------+------------------------------------------------------------------------------------------------------------------+
| g4        | BUFG/O          | n/a               |       |             |               |          31 |        0 |              0 |        0 | RCIMS_bd_i/Display_0/inst/Display_v1_0_S00_AXI_inst/lcd_display_i/inst/system_i/data_combine_module_1/n_0_7_BUFG |
+-----------+-----------------+-------------------+-------+-------------+---------------+-------------+----------+----------------+----------+------------------------------------------------------------------------------------------------------------------+
* Logic Loads column represents load cell count of all cell types other than IO, GT and clock resources
** IO Loads column represents load cell count of IO types
*** Clocking Loads column represents load cell count that are clock resources (global clock buffer, MMCM, PLL, etc)
**** GT Loads column represents load cell count of GT types


+----+----+-----+
|    | X0 | X1  |
+----+----+-----+
| Y1 |  0 |   0 |
| Y0 |  0 |  31 |
+----+----+-----+


11. Device Cell Placement Summary for Global Clock g5
-----------------------------------------------------

+-----------+-----------------+-------------------+-------------------------------+-------------+----------------+-------------+----------+----------------+----------+------------------------------------+
| Global Id | Driver Type/Pin | Driver Region (D) | Clock                         | Period (ns) | Waveform (ns)  | Slice Loads | IO Loads | Clocking Loads | GT Loads | Net                                |
+-----------+-----------------+-------------------+-------------------------------+-------------+----------------+-------------+----------+----------------+----------+------------------------------------+
| g5        | BUFG/O          | n/a               | clk_out1_RCIMS_bd_clk_wiz_0_0 |     125.000 | {0.000 62.500} |           2 |        0 |              0 |        0 | RCIMS_bd_i/clk_wiz_0/inst/clk_out1 |
+-----------+-----------------+-------------------+-------------------------------+-------------+----------------+-------------+----------+----------------+----------+------------------------------------+
* Logic Loads column represents load cell count of all cell types other than IO, GT and clock resources
** IO Loads column represents load cell count of IO types
*** Clocking Loads column represents load cell count that are clock resources (global clock buffer, MMCM, PLL, etc)
**** GT Loads column represents load cell count of GT types


+----+----+----+
|    | X0 | X1 |
+----+----+----+
| Y1 |  0 |  0 |
| Y0 |  0 |  2 |
+----+----+----+


12. Device Cell Placement Summary for Global Clock g6
-----------------------------------------------------

+-----------+-----------------+-------------------+-----------------------------+-------------+----------------+-------------+----------+----------------+----------+--------------------------------------------------------------------------------------------------------------------------------+
| Global Id | Driver Type/Pin | Driver Region (D) | Clock                       | Period (ns) | Waveform (ns)  | Slice Loads | IO Loads | Clocking Loads | GT Loads | Net                                                                                                                            |
+-----------+-----------------+-------------------+-----------------------------+-------------+----------------+-------------+----------+----------------+----------+--------------------------------------------------------------------------------------------------------------------------------+
| g6        | BUFG/O          | n/a               | clkfbout_system_clk_wiz_0_0 |      20.000 | {0.000 10.000} |           0 |        0 |              1 |        0 | RCIMS_bd_i/Display_0/inst/Display_v1_0_S00_AXI_inst/lcd_display_i/inst/system_i/clk_wiz_0/inst/clkfbout_buf_system_clk_wiz_0_0 |
+-----------+-----------------+-------------------+-----------------------------+-------------+----------------+-------------+----------+----------------+----------+--------------------------------------------------------------------------------------------------------------------------------+
* Logic Loads column represents load cell count of all cell types other than IO, GT and clock resources
** IO Loads column represents load cell count of IO types
*** Clocking Loads column represents load cell count that are clock resources (global clock buffer, MMCM, PLL, etc)
**** GT Loads column represents load cell count of GT types


+----+----+----+
|    | X0 | X1 |
+----+----+----+
| Y1 |  0 |  1 |
| Y0 |  0 |  0 |
+----+----+----+


13. Device Cell Placement Summary for Global Clock g7
-----------------------------------------------------

+-----------+-----------------+-------------------+-------------------------------+-------------+----------------+-------------+----------+----------------+----------+-------------------------------------------------------------+
| Global Id | Driver Type/Pin | Driver Region (D) | Clock                         | Period (ns) | Waveform (ns)  | Slice Loads | IO Loads | Clocking Loads | GT Loads | Net                                                         |
+-----------+-----------------+-------------------+-------------------------------+-------------+----------------+-------------+----------+----------------+----------+-------------------------------------------------------------+
| g7        | BUFG/O          | n/a               | clkfbout_RCIMS_bd_clk_wiz_0_0 |      20.000 | {0.000 10.000} |           0 |        0 |              1 |        0 | RCIMS_bd_i/clk_wiz_0/inst/clkfbout_buf_RCIMS_bd_clk_wiz_0_0 |
+-----------+-----------------+-------------------+-------------------------------+-------------+----------------+-------------+----------+----------------+----------+-------------------------------------------------------------+
* Logic Loads column represents load cell count of all cell types other than IO, GT and clock resources
** IO Loads column represents load cell count of IO types
*** Clocking Loads column represents load cell count that are clock resources (global clock buffer, MMCM, PLL, etc)
**** GT Loads column represents load cell count of GT types


+----+----+----+
|    | X0 | X1 |
+----+----+----+
| Y1 |  0 |  0 |
| Y0 |  0 |  1 |
+----+----+----+


14. Clock Region Cell Placement per Global Clock: Region X0Y0
-------------------------------------------------------------

+-----------+-------+-----------------+------------+-------------+-----------------+-----+--------+------+-----+----+------+-----+---------+---------------------------------------------------------------------------------------------------------+
| Global Id | Track | Driver Type/Pin | Constraint | Clock Loads | Non-Clock Loads | FF  | LUTRAM | RAMB | DSP | GT | MMCM | PLL | Hard IP | Net                                                                                                     |
+-----------+-------+-----------------+------------+-------------+-----------------+-----+--------+------+-----+----+------+-----+---------+---------------------------------------------------------------------------------------------------------+
| g0        | n/a   | BUFG/O          | None       |         852 |               0 | 797 |     55 |    0 |   0 |  0 |    0 |   0 |       0 | RCIMS_bd_i/processing_system7_0/inst/FCLK_CLK0                                                          |
| g1        | n/a   | BUFGCTRL/O      | None       |          55 |               0 |  55 |      0 |    0 |   0 |  0 |    0 |   0 |       0 | RCIMS_bd_i/Display_0/inst/Display_v1_0_S00_AXI_inst/lcd_display_i/inst/system_i/clk_wiz_0/inst/clk_9Mhz |
| g3        | n/a   | BUFG/O          | None       |          67 |               0 |  67 |      0 |    0 |   0 |  0 |    0 |   0 |       0 | RCIMS_bd_i/Clk_4_Div_0/inst/Clk_2Mhz_BUFG                                                               |
+-----------+-------+-----------------+------------+-------------+-----------------+-----+--------+------+-----+----+------+-----+---------+---------------------------------------------------------------------------------------------------------+
* Clock Loads column represents the clock pin loads (pin count)
** Non-Clock Loads column represents the non-clock pin loads (pin count)
*** Columns FF, LUTRAM, RAMB through 'Hard IP' represents load cell counts


15. Clock Region Cell Placement per Global Clock: Region X1Y0
-------------------------------------------------------------

+-----------+-------+-----------------+------------+-------------+-----------------+----+--------+------+-----+----+------+-----+---------+------------------------------------------------------------------------------------------------------------------+
| Global Id | Track | Driver Type/Pin | Constraint | Clock Loads | Non-Clock Loads | FF | LUTRAM | RAMB | DSP | GT | MMCM | PLL | Hard IP | Net                                                                                                              |
+-----------+-------+-----------------+------------+-------------+-----------------+----+--------+------+-----+----+------+-----+---------+------------------------------------------------------------------------------------------------------------------+
| g0        | n/a   | BUFG/O          | None       |           3 |               0 |  3 |      0 |    0 |   0 |  0 |    0 |   0 |       0 | RCIMS_bd_i/processing_system7_0/inst/FCLK_CLK0                                                                   |
| g1        | n/a   | BUFGCTRL/O      | None       |          32 |               0 | 32 |      0 |    0 |   0 |  0 |    0 |   0 |       0 | RCIMS_bd_i/Display_0/inst/Display_v1_0_S00_AXI_inst/lcd_display_i/inst/system_i/clk_wiz_0/inst/clk_9Mhz          |
| g3        | n/a   | BUFG/O          | None       |           0 |               2 |  0 |      0 |    0 |   0 |  0 |    0 |   0 |       0 | RCIMS_bd_i/Clk_4_Div_0/inst/Clk_2Mhz_BUFG                                                                        |
| g4        | n/a   | BUFG/O          | None       |          31 |               0 |  0 |      0 |    0 |   0 |  0 |    0 |   0 |       0 | RCIMS_bd_i/Display_0/inst/Display_v1_0_S00_AXI_inst/lcd_display_i/inst/system_i/data_combine_module_1/n_0_7_BUFG |
| g5        | n/a   | BUFG/O          | None       |           2 |               0 |  2 |      0 |    0 |   0 |  0 |    0 |   0 |       0 | RCIMS_bd_i/clk_wiz_0/inst/clk_out1                                                                               |
| g7        | n/a   | BUFG/O          | None       |           1 |               0 |  0 |      0 |    0 |   0 |  0 |    1 |   0 |       0 | RCIMS_bd_i/clk_wiz_0/inst/clkfbout_buf_RCIMS_bd_clk_wiz_0_0                                                      |
+-----------+-------+-----------------+------------+-------------+-----------------+----+--------+------+-----+----+------+-----+---------+------------------------------------------------------------------------------------------------------------------+
* Clock Loads column represents the clock pin loads (pin count)
** Non-Clock Loads column represents the non-clock pin loads (pin count)
*** Columns FF, LUTRAM, RAMB through 'Hard IP' represents load cell counts


16. Clock Region Cell Placement per Global Clock: Region X0Y1
-------------------------------------------------------------

+-----------+-------+-----------------+------------+-------------+-----------------+-----+--------+------+-----+----+------+-----+---------+------------------------------------------------+
| Global Id | Track | Driver Type/Pin | Constraint | Clock Loads | Non-Clock Loads | FF  | LUTRAM | RAMB | DSP | GT | MMCM | PLL | Hard IP | Net                                            |
+-----------+-------+-----------------+------------+-------------+-----------------+-----+--------+------+-----+----+------+-----+---------+------------------------------------------------+
| g0        | n/a   | BUFG/O          | None       |         225 |               0 | 212 |     11 |    0 |   0 |  0 |    0 |   0 |       0 | RCIMS_bd_i/processing_system7_0/inst/FCLK_CLK0 |
+-----------+-------+-----------------+------------+-------------+-----------------+-----+--------+------+-----+----+------+-----+---------+------------------------------------------------+
* Clock Loads column represents the clock pin loads (pin count)
** Non-Clock Loads column represents the non-clock pin loads (pin count)
*** Columns FF, LUTRAM, RAMB through 'Hard IP' represents load cell counts


17. Clock Region Cell Placement per Global Clock: Region X1Y1
-------------------------------------------------------------

+-----------+-------+-----------------+------------+-------------+-----------------+----+--------+------+-----+----+------+-----+---------+-----------------------------------------------------------------------------------------------------------------------------------+
| Global Id | Track | Driver Type/Pin | Constraint | Clock Loads | Non-Clock Loads | FF | LUTRAM | RAMB | DSP | GT | MMCM | PLL | Hard IP | Net                                                                                                                               |
+-----------+-------+-----------------+------------+-------------+-----------------+----+--------+------+-----+----+------+-----+---------+-----------------------------------------------------------------------------------------------------------------------------------+
| g0        | n/a   | BUFG/O          | None       |           1 |               0 |  0 |      0 |    0 |   0 |  0 |    1 |   0 |       0 | RCIMS_bd_i/processing_system7_0/inst/FCLK_CLK0                                                                                    |
| g1        | n/a   | BUFGCTRL/O      | None       |           1 |               1 |  1 |      0 |    0 |   0 |  0 |    0 |   0 |       0 | RCIMS_bd_i/Display_0/inst/Display_v1_0_S00_AXI_inst/lcd_display_i/inst/system_i/clk_wiz_0/inst/clk_9Mhz                           |
| g2        | n/a   | BUFH/O          | None       |           8 |               0 |  8 |      0 |    0 |   0 |  0 |    0 |   0 |       0 | RCIMS_bd_i/Display_0/inst/Display_v1_0_S00_AXI_inst/lcd_display_i/inst/system_i/clk_wiz_0/inst/clk_9Mhz_system_clk_wiz_0_0_en_clk |
| g6        | n/a   | BUFG/O          | None       |           1 |               0 |  0 |      0 |    0 |   0 |  0 |    1 |   0 |       0 | RCIMS_bd_i/Display_0/inst/Display_v1_0_S00_AXI_inst/lcd_display_i/inst/system_i/clk_wiz_0/inst/clkfbout_buf_system_clk_wiz_0_0    |
+-----------+-------+-----------------+------------+-------------+-----------------+----+--------+------+-----+----+------+-----+---------+-----------------------------------------------------------------------------------------------------------------------------------+
* Clock Loads column represents the clock pin loads (pin count)
** Non-Clock Loads column represents the non-clock pin loads (pin count)
*** Columns FF, LUTRAM, RAMB through 'Hard IP' represents load cell counts



# Location of BUFG Primitives 
set_property LOC BUFGCTRL_X0Y0 [get_cells RCIMS_bd_i/processing_system7_0/inst/buffer_fclk_clk_0.FCLK_CLK_0_BUFG]
set_property LOC BUFGCTRL_X0Y4 [get_cells RCIMS_bd_i/clk_wiz_0/inst/clkf_buf]
set_property LOC BUFGCTRL_X0Y3 [get_cells RCIMS_bd_i/clk_wiz_0/inst/clkout1_buf]
set_property LOC BUFGCTRL_X0Y2 [get_cells RCIMS_bd_i/Display_0/inst/Display_v1_0_S00_AXI_inst/lcd_display_i/inst/system_i/data_combine_module_1/n_0_7_BUFG_inst]
set_property LOC BUFGCTRL_X0Y17 [get_cells RCIMS_bd_i/Display_0/inst/Display_v1_0_S00_AXI_inst/lcd_display_i/inst/system_i/clk_wiz_0/inst/clkf_buf]
set_property LOC BUFGCTRL_X0Y16 [get_cells RCIMS_bd_i/Display_0/inst/Display_v1_0_S00_AXI_inst/lcd_display_i/inst/system_i/clk_wiz_0/inst/clkout1_buf]
set_property LOC BUFGCTRL_X0Y1 [get_cells RCIMS_bd_i/Clk_4_Div_0/inst/Clk_2Mhz_BUFG_inst]

# Location of BUFH Primitives 
set_property LOC BUFHCE_X1Y12 [get_cells RCIMS_bd_i/Display_0/inst/Display_v1_0_S00_AXI_inst/lcd_display_i/inst/system_i/clk_wiz_0/inst/clkout1_buf_en]

# Location of IO Primitives which is load of clock spine
set_property LOC IOB_X0Y48 [get_cells clk_out_OBUF_inst]

# Location of clock ports
set_property LOC IOB_X0Y26 [get_ports clock_rtl]

# Clock net "RCIMS_bd_i/processing_system7_0/inst/FCLK_CLK0" driven by instance "RCIMS_bd_i/processing_system7_0/inst/buffer_fclk_clk_0.FCLK_CLK_0_BUFG" located at site "BUFGCTRL_X0Y0"
#startgroup
create_pblock {CLKAG_RCIMS_bd_i/processing_system7_0/inst/FCLK_CLK0}
add_cells_to_pblock [get_pblocks  {CLKAG_RCIMS_bd_i/processing_system7_0/inst/FCLK_CLK0}] [get_cells -filter { PRIMITIVE_GROUP != I/O && IS_PRIMITIVE==1 && PRIMITIVE_LEVEL !=INTERNAL && NAME!=RCIMS_bd_i/Display_0/inst/Display_v1_0_S00_AXI_inst/lcd_display_i/inst/system_i/clk_wiz_0/inst/mmcm_adv_inst} -of_object [get_pins -filter {DIRECTION==IN} -of_objects [get_nets -hierarchical -filter {PARENT=="RCIMS_bd_i/processing_system7_0/inst/FCLK_CLK0"}]]]
resize_pblock [get_pblocks {CLKAG_RCIMS_bd_i/processing_system7_0/inst/FCLK_CLK0}] -add {CLOCKREGION_X0Y0:CLOCKREGION_X0Y0 CLOCKREGION_X0Y1:CLOCKREGION_X0Y1 CLOCKREGION_X1Y0:CLOCKREGION_X1Y0}
#endgroup

# Clock net "RCIMS_bd_i/clk_wiz_0/inst/clk_out1" driven by instance "RCIMS_bd_i/clk_wiz_0/inst/clkout1_buf" located at site "BUFGCTRL_X0Y3"
#startgroup
create_pblock {CLKAG_RCIMS_bd_i/clk_wiz_0/inst/clk_out1}
add_cells_to_pblock [get_pblocks  {CLKAG_RCIMS_bd_i/clk_wiz_0/inst/clk_out1}] [get_cells -filter { PRIMITIVE_GROUP != I/O && IS_PRIMITIVE==1 && PRIMITIVE_LEVEL !=INTERNAL } -of_object [get_pins -filter {DIRECTION==IN} -of_objects [get_nets -hierarchical -filter {PARENT=="RCIMS_bd_i/clk_wiz_0/inst/clk_out1"}]]]
resize_pblock [get_pblocks {CLKAG_RCIMS_bd_i/clk_wiz_0/inst/clk_out1}] -add {CLOCKREGION_X1Y0:CLOCKREGION_X1Y0}
#endgroup

# Clock net "RCIMS_bd_i/Display_0/inst/Display_v1_0_S00_AXI_inst/lcd_display_i/inst/system_i/data_combine_module_1/n_0_7_BUFG" driven by instance "RCIMS_bd_i/Display_0/inst/Display_v1_0_S00_AXI_inst/lcd_display_i/inst/system_i/data_combine_module_1/n_0_7_BUFG_inst" located at site "BUFGCTRL_X0Y2"
#startgroup
create_pblock {CLKAG_RCIMS_bd_i/Display_0/inst/Display_v1_0_S00_AXI_inst/lcd_display_i/inst/system_i/data_combine_module_1/n_0_7_BUFG}
add_cells_to_pblock [get_pblocks  {CLKAG_RCIMS_bd_i/Display_0/inst/Display_v1_0_S00_AXI_inst/lcd_display_i/inst/system_i/data_combine_module_1/n_0_7_BUFG}] [get_cells -filter { PRIMITIVE_GROUP != I/O && IS_PRIMITIVE==1 && PRIMITIVE_LEVEL !=INTERNAL } -of_object [get_pins -filter {DIRECTION==IN} -of_objects [get_nets -hierarchical -filter {PARENT=="RCIMS_bd_i/Display_0/inst/Display_v1_0_S00_AXI_inst/lcd_display_i/inst/system_i/data_combine_module_1/n_0_7_BUFG"}]]]
resize_pblock [get_pblocks {CLKAG_RCIMS_bd_i/Display_0/inst/Display_v1_0_S00_AXI_inst/lcd_display_i/inst/system_i/data_combine_module_1/n_0_7_BUFG}] -add {CLOCKREGION_X1Y0:CLOCKREGION_X1Y0}
#endgroup

# Clock net "RCIMS_bd_i/Display_0/inst/Display_v1_0_S00_AXI_inst/lcd_display_i/inst/system_i/clk_wiz_0/inst/clk_9Mhz_system_clk_wiz_0_0_en_clk" driven by instance "RCIMS_bd_i/Display_0/inst/Display_v1_0_S00_AXI_inst/lcd_display_i/inst/system_i/clk_wiz_0/inst/clkout1_buf_en" located at site "BUFHCE_X1Y12"
#startgroup
create_pblock {CLKAG_RCIMS_bd_i/Display_0/inst/Display_v1_0_S00_AXI_inst/lcd_display_i/inst/system_i/clk_wiz_0/inst/clk_9Mhz_system_clk_wiz_0_0_en_clk}
add_cells_to_pblock [get_pblocks  {CLKAG_RCIMS_bd_i/Display_0/inst/Display_v1_0_S00_AXI_inst/lcd_display_i/inst/system_i/clk_wiz_0/inst/clk_9Mhz_system_clk_wiz_0_0_en_clk}] [get_cells -filter { PRIMITIVE_GROUP != I/O && IS_PRIMITIVE==1 && PRIMITIVE_LEVEL !=INTERNAL } -of_object [get_pins -filter {DIRECTION==IN} -of_objects [get_nets -hierarchical -filter {PARENT=="RCIMS_bd_i/Display_0/inst/Display_v1_0_S00_AXI_inst/lcd_display_i/inst/system_i/clk_wiz_0/inst/clk_9Mhz_system_clk_wiz_0_0_en_clk"}]]]
resize_pblock [get_pblocks {CLKAG_RCIMS_bd_i/Display_0/inst/Display_v1_0_S00_AXI_inst/lcd_display_i/inst/system_i/clk_wiz_0/inst/clk_9Mhz_system_clk_wiz_0_0_en_clk}] -add {CLOCKREGION_X1Y1:CLOCKREGION_X1Y1}
#endgroup

# Clock net "RCIMS_bd_i/Display_0/inst/Display_v1_0_S00_AXI_inst/lcd_display_i/inst/system_i/clk_wiz_0/inst/clk_9Mhz" driven by instance "RCIMS_bd_i/Display_0/inst/Display_v1_0_S00_AXI_inst/lcd_display_i/inst/system_i/clk_wiz_0/inst/clkout1_buf" located at site "BUFGCTRL_X0Y16"
#startgroup
create_pblock {CLKAG_RCIMS_bd_i/Display_0/inst/Display_v1_0_S00_AXI_inst/lcd_display_i/inst/system_i/clk_wiz_0/inst/clk_9Mhz}
add_cells_to_pblock [get_pblocks  {CLKAG_RCIMS_bd_i/Display_0/inst/Display_v1_0_S00_AXI_inst/lcd_display_i/inst/system_i/clk_wiz_0/inst/clk_9Mhz}] [get_cells -filter { PRIMITIVE_GROUP != I/O && IS_PRIMITIVE==1 && PRIMITIVE_LEVEL !=INTERNAL } -of_object [get_pins -filter {DIRECTION==IN} -of_objects [get_nets -hierarchical -filter {PARENT=="RCIMS_bd_i/Display_0/inst/Display_v1_0_S00_AXI_inst/lcd_display_i/inst/system_i/clk_wiz_0/inst/clk_9Mhz"}]]]
resize_pblock [get_pblocks {CLKAG_RCIMS_bd_i/Display_0/inst/Display_v1_0_S00_AXI_inst/lcd_display_i/inst/system_i/clk_wiz_0/inst/clk_9Mhz}] -add {CLOCKREGION_X0Y0:CLOCKREGION_X0Y0 CLOCKREGION_X1Y0:CLOCKREGION_X1Y0 CLOCKREGION_X1Y1:CLOCKREGION_X1Y1}
#endgroup

# Clock net "RCIMS_bd_i/Clk_4_Div_0/inst/Clk_2Mhz_BUFG" driven by instance "RCIMS_bd_i/Clk_4_Div_0/inst/Clk_2Mhz_BUFG_inst" located at site "BUFGCTRL_X0Y1"
#startgroup
create_pblock {CLKAG_RCIMS_bd_i/Clk_4_Div_0/inst/Clk_2Mhz_BUFG}
add_cells_to_pblock [get_pblocks  {CLKAG_RCIMS_bd_i/Clk_4_Div_0/inst/Clk_2Mhz_BUFG}] [get_cells -filter { PRIMITIVE_GROUP != I/O && IS_PRIMITIVE==1 && PRIMITIVE_LEVEL !=INTERNAL && NAME!=clk_out_OBUF_inst} -of_object [get_pins -filter {DIRECTION==IN} -of_objects [get_nets -hierarchical -filter {PARENT=="RCIMS_bd_i/Clk_4_Div_0/inst/Clk_2Mhz_BUFG"}]]]
resize_pblock [get_pblocks {CLKAG_RCIMS_bd_i/Clk_4_Div_0/inst/Clk_2Mhz_BUFG}] -add {CLOCKREGION_X0Y0:CLOCKREGION_X0Y0 CLOCKREGION_X1Y0:CLOCKREGION_X1Y0}
#endgroup
