Copyright 1986-2017 Xilinx, Inc. All Rights Reserved.
-----------------------------------------------------------------------------------------------------------------------------------
| Tool Version : Vivado v.2017.2 (win64) Build 1909853 Thu Jun 15 18:39:09 MDT 2017
| Date         : Thu Nov 30 23:05:11 2017
| Host         : DESKTOP-GLIA512 running 64-bit major release  (build 9200)
| Command      : report_methodology -file system_wrapper_methodology_drc_routed.rpt -rpx system_wrapper_methodology_drc_routed.rpx
| Design       : system_wrapper
| Device       : xc7z010clg400-1
| Speed File   : -1
| Design State : Routed
-----------------------------------------------------------------------------------------------------------------------------------

Report Methodology

Table of Contents
-----------------
1. REPORT SUMMARY
2. REPORT DETAILS

1. REPORT SUMMARY
-----------------
            Netlist: netlist
          Floorplan: design_1
      Design limits: <entire design considered>
             Max violations: <unlimited>
             Violations found: 70
+-----------+----------+-------------------------------+------------+
| Rule      | Severity | Description                   | Violations |
+-----------+----------+-------------------------------+------------+
| TIMING-17 | Warning  | Non-clocked sequential cell   | 59         |
| TIMING-18 | Warning  | Missing input or output delay | 11         |
+-----------+----------+-------------------------------+------------+

2. REPORT DETAILS
-----------------
TIMING-17#1 Warning
Non-clocked sequential cell  
The clock pin system_i/ADC_0/inst/ADC_v1_0_S00_AXI_inst/adc_i/adc_reset_reg/C is not reached by a timing clock
Related violations: <none>

TIMING-17#2 Warning
Non-clocked sequential cell  
The clock pin system_i/ADC_0/inst/ADC_v1_0_S00_AXI_inst/adc_i/cnt_reg[0]/C is not reached by a timing clock
Related violations: <none>

TIMING-17#3 Warning
Non-clocked sequential cell  
The clock pin system_i/ADC_0/inst/ADC_v1_0_S00_AXI_inst/adc_i/cnt_reg[1]/C is not reached by a timing clock
Related violations: <none>

TIMING-17#4 Warning
Non-clocked sequential cell  
The clock pin system_i/ADC_0/inst/ADC_v1_0_S00_AXI_inst/adc_i/cnt_reg[2]/C is not reached by a timing clock
Related violations: <none>

TIMING-17#5 Warning
Non-clocked sequential cell  
The clock pin system_i/ADC_0/inst/ADC_v1_0_S00_AXI_inst/adc_i/cnt_reg[3]/C is not reached by a timing clock
Related violations: <none>

TIMING-17#6 Warning
Non-clocked sequential cell  
The clock pin system_i/ADC_0/inst/ADC_v1_0_S00_AXI_inst/adc_i/cnt_reg[4]/C is not reached by a timing clock
Related violations: <none>

TIMING-17#7 Warning
Non-clocked sequential cell  
The clock pin system_i/ADC_0/inst/ADC_v1_0_S00_AXI_inst/adc_i/prev_done_reg/C is not reached by a timing clock
Related violations: <none>

TIMING-17#8 Warning
Non-clocked sequential cell  
The clock pin system_i/ADC_0/inst/ADC_v1_0_S00_AXI_inst/adc_i/raw_data_reg[0]/C is not reached by a timing clock
Related violations: <none>

TIMING-17#9 Warning
Non-clocked sequential cell  
The clock pin system_i/ADC_0/inst/ADC_v1_0_S00_AXI_inst/adc_i/raw_data_reg[10]/C is not reached by a timing clock
Related violations: <none>

TIMING-17#10 Warning
Non-clocked sequential cell  
The clock pin system_i/ADC_0/inst/ADC_v1_0_S00_AXI_inst/adc_i/raw_data_reg[11]/C is not reached by a timing clock
Related violations: <none>

TIMING-17#11 Warning
Non-clocked sequential cell  
The clock pin system_i/ADC_0/inst/ADC_v1_0_S00_AXI_inst/adc_i/raw_data_reg[12]/C is not reached by a timing clock
Related violations: <none>

TIMING-17#12 Warning
Non-clocked sequential cell  
The clock pin system_i/ADC_0/inst/ADC_v1_0_S00_AXI_inst/adc_i/raw_data_reg[13]/C is not reached by a timing clock
Related violations: <none>

TIMING-17#13 Warning
Non-clocked sequential cell  
The clock pin system_i/ADC_0/inst/ADC_v1_0_S00_AXI_inst/adc_i/raw_data_reg[14]/C is not reached by a timing clock
Related violations: <none>

TIMING-17#14 Warning
Non-clocked sequential cell  
The clock pin system_i/ADC_0/inst/ADC_v1_0_S00_AXI_inst/adc_i/raw_data_reg[15]/C is not reached by a timing clock
Related violations: <none>

TIMING-17#15 Warning
Non-clocked sequential cell  
The clock pin system_i/ADC_0/inst/ADC_v1_0_S00_AXI_inst/adc_i/raw_data_reg[1]/C is not reached by a timing clock
Related violations: <none>

TIMING-17#16 Warning
Non-clocked sequential cell  
The clock pin system_i/ADC_0/inst/ADC_v1_0_S00_AXI_inst/adc_i/raw_data_reg[2]/C is not reached by a timing clock
Related violations: <none>

TIMING-17#17 Warning
Non-clocked sequential cell  
The clock pin system_i/ADC_0/inst/ADC_v1_0_S00_AXI_inst/adc_i/raw_data_reg[3]/C is not reached by a timing clock
Related violations: <none>

TIMING-17#18 Warning
Non-clocked sequential cell  
The clock pin system_i/ADC_0/inst/ADC_v1_0_S00_AXI_inst/adc_i/raw_data_reg[4]/C is not reached by a timing clock
Related violations: <none>

TIMING-17#19 Warning
Non-clocked sequential cell  
The clock pin system_i/ADC_0/inst/ADC_v1_0_S00_AXI_inst/adc_i/raw_data_reg[5]/C is not reached by a timing clock
Related violations: <none>

TIMING-17#20 Warning
Non-clocked sequential cell  
The clock pin system_i/ADC_0/inst/ADC_v1_0_S00_AXI_inst/adc_i/raw_data_reg[6]/C is not reached by a timing clock
Related violations: <none>

TIMING-17#21 Warning
Non-clocked sequential cell  
The clock pin system_i/ADC_0/inst/ADC_v1_0_S00_AXI_inst/adc_i/raw_data_reg[7]/C is not reached by a timing clock
Related violations: <none>

TIMING-17#22 Warning
Non-clocked sequential cell  
The clock pin system_i/ADC_0/inst/ADC_v1_0_S00_AXI_inst/adc_i/raw_data_reg[8]/C is not reached by a timing clock
Related violations: <none>

TIMING-17#23 Warning
Non-clocked sequential cell  
The clock pin system_i/ADC_0/inst/ADC_v1_0_S00_AXI_inst/adc_i/raw_data_reg[9]/C is not reached by a timing clock
Related violations: <none>

TIMING-17#24 Warning
Non-clocked sequential cell  
The clock pin system_i/ADC_0/inst/ADC_v1_0_S00_AXI_inst/adc_i/spi_master_i/cnt_reg[0]/C is not reached by a timing clock
Related violations: <none>

TIMING-17#25 Warning
Non-clocked sequential cell  
The clock pin system_i/ADC_0/inst/ADC_v1_0_S00_AXI_inst/adc_i/spi_master_i/cnt_reg[1]/C is not reached by a timing clock
Related violations: <none>

TIMING-17#26 Warning
Non-clocked sequential cell  
The clock pin system_i/ADC_0/inst/ADC_v1_0_S00_AXI_inst/adc_i/spi_master_i/cnt_reg[2]/C is not reached by a timing clock
Related violations: <none>

TIMING-17#27 Warning
Non-clocked sequential cell  
The clock pin system_i/ADC_0/inst/ADC_v1_0_S00_AXI_inst/adc_i/spi_master_i/cnt_reg[3]/C is not reached by a timing clock
Related violations: <none>

TIMING-17#28 Warning
Non-clocked sequential cell  
The clock pin system_i/ADC_0/inst/ADC_v1_0_S00_AXI_inst/adc_i/spi_master_i/hold_to_send_reg[0]/C is not reached by a timing clock
Related violations: <none>

TIMING-17#29 Warning
Non-clocked sequential cell  
The clock pin system_i/ADC_0/inst/ADC_v1_0_S00_AXI_inst/adc_i/spi_master_i/hold_to_send_reg[1]/C is not reached by a timing clock
Related violations: <none>

TIMING-17#30 Warning
Non-clocked sequential cell  
The clock pin system_i/ADC_0/inst/ADC_v1_0_S00_AXI_inst/adc_i/spi_master_i/hold_to_send_reg[2]/C is not reached by a timing clock
Related violations: <none>

TIMING-17#31 Warning
Non-clocked sequential cell  
The clock pin system_i/ADC_0/inst/ADC_v1_0_S00_AXI_inst/adc_i/spi_master_i/hold_to_send_reg[3]/C is not reached by a timing clock
Related violations: <none>

TIMING-17#32 Warning
Non-clocked sequential cell  
The clock pin system_i/ADC_0/inst/ADC_v1_0_S00_AXI_inst/adc_i/spi_master_i/hold_to_send_reg[4]/C is not reached by a timing clock
Related violations: <none>

TIMING-17#33 Warning
Non-clocked sequential cell  
The clock pin system_i/ADC_0/inst/ADC_v1_0_S00_AXI_inst/adc_i/spi_master_i/hold_to_send_reg[5]/C is not reached by a timing clock
Related violations: <none>

TIMING-17#34 Warning
Non-clocked sequential cell  
The clock pin system_i/ADC_0/inst/ADC_v1_0_S00_AXI_inst/adc_i/spi_master_i/hold_to_send_reg[6]/C is not reached by a timing clock
Related violations: <none>

TIMING-17#35 Warning
Non-clocked sequential cell  
The clock pin system_i/ADC_0/inst/ADC_v1_0_S00_AXI_inst/adc_i/spi_master_i/hold_to_send_reg[7]/C is not reached by a timing clock
Related violations: <none>

TIMING-17#36 Warning
Non-clocked sequential cell  
The clock pin system_i/ADC_0/inst/ADC_v1_0_S00_AXI_inst/adc_i/spi_master_i/hold_to_send_reg[7]_lopt_replica/C is not reached by a timing clock
Related violations: <none>

TIMING-17#37 Warning
Non-clocked sequential cell  
The clock pin system_i/ADC_0/inst/ADC_v1_0_S00_AXI_inst/adc_i/spi_master_i/received_reg[0]/C is not reached by a timing clock
Related violations: <none>

TIMING-17#38 Warning
Non-clocked sequential cell  
The clock pin system_i/ADC_0/inst/ADC_v1_0_S00_AXI_inst/adc_i/spi_master_i/received_reg[1]/C is not reached by a timing clock
Related violations: <none>

TIMING-17#39 Warning
Non-clocked sequential cell  
The clock pin system_i/ADC_0/inst/ADC_v1_0_S00_AXI_inst/adc_i/spi_master_i/received_reg[2]/C is not reached by a timing clock
Related violations: <none>

TIMING-17#40 Warning
Non-clocked sequential cell  
The clock pin system_i/ADC_0/inst/ADC_v1_0_S00_AXI_inst/adc_i/spi_master_i/received_reg[3]/C is not reached by a timing clock
Related violations: <none>

TIMING-17#41 Warning
Non-clocked sequential cell  
The clock pin system_i/ADC_0/inst/ADC_v1_0_S00_AXI_inst/adc_i/spi_master_i/received_reg[4]/C is not reached by a timing clock
Related violations: <none>

TIMING-17#42 Warning
Non-clocked sequential cell  
The clock pin system_i/ADC_0/inst/ADC_v1_0_S00_AXI_inst/adc_i/spi_master_i/received_reg[5]/C is not reached by a timing clock
Related violations: <none>

TIMING-17#43 Warning
Non-clocked sequential cell  
The clock pin system_i/ADC_0/inst/ADC_v1_0_S00_AXI_inst/adc_i/spi_master_i/received_reg[6]/C is not reached by a timing clock
Related violations: <none>

TIMING-17#44 Warning
Non-clocked sequential cell  
The clock pin system_i/ADC_0/inst/ADC_v1_0_S00_AXI_inst/adc_i/spi_master_i/received_reg[7]/C is not reached by a timing clock
Related violations: <none>

TIMING-17#45 Warning
Non-clocked sequential cell  
The clock pin system_i/ADC_0/inst/ADC_v1_0_S00_AXI_inst/adc_i/spi_master_i/state_reg[0]/C is not reached by a timing clock
Related violations: <none>

TIMING-17#46 Warning
Non-clocked sequential cell  
The clock pin system_i/ADC_0/inst/ADC_v1_0_S00_AXI_inst/adc_i/spi_master_i/state_reg[1]/C is not reached by a timing clock
Related violations: <none>

TIMING-17#47 Warning
Non-clocked sequential cell  
The clock pin system_i/ADC_0/inst/ADC_v1_0_S00_AXI_inst/adc_i/spi_master_i/state_reg[2]/C is not reached by a timing clock
Related violations: <none>

TIMING-17#48 Warning
Non-clocked sequential cell  
The clock pin system_i/ADC_0/inst/ADC_v1_0_S00_AXI_inst/adc_i/state_reg[0]/C is not reached by a timing clock
Related violations: <none>

TIMING-17#49 Warning
Non-clocked sequential cell  
The clock pin system_i/ADC_0/inst/ADC_v1_0_S00_AXI_inst/adc_i/state_reg[1]/C is not reached by a timing clock
Related violations: <none>

TIMING-17#50 Warning
Non-clocked sequential cell  
The clock pin system_i/ADC_0/inst/ADC_v1_0_S00_AXI_inst/adc_i/state_reg[2]/C is not reached by a timing clock
Related violations: <none>

TIMING-17#51 Warning
Non-clocked sequential cell  
The clock pin system_i/ADC_0/inst/ADC_v1_0_S00_AXI_inst/adc_i/state_reg[3]/C is not reached by a timing clock
Related violations: <none>

TIMING-17#52 Warning
Non-clocked sequential cell  
The clock pin system_i/ADC_0/inst/ADC_v1_0_S00_AXI_inst/adc_i/state_reg[4]/C is not reached by a timing clock
Related violations: <none>

TIMING-17#53 Warning
Non-clocked sequential cell  
The clock pin system_i/ADC_0/inst/ADC_v1_0_S00_AXI_inst/adc_i/state_reg[5]/C is not reached by a timing clock
Related violations: <none>

TIMING-17#54 Warning
Non-clocked sequential cell  
The clock pin system_i/ADC_0/inst/ADC_v1_0_S00_AXI_inst/adc_i/to_send_reg[0]/C is not reached by a timing clock
Related violations: <none>

TIMING-17#55 Warning
Non-clocked sequential cell  
The clock pin system_i/ADC_0/inst/ADC_v1_0_S00_AXI_inst/adc_i/to_send_reg[3]/C is not reached by a timing clock
Related violations: <none>

TIMING-17#56 Warning
Non-clocked sequential cell  
The clock pin system_i/ADC_0/inst/ADC_v1_0_S00_AXI_inst/adc_i/to_send_reg[4]/C is not reached by a timing clock
Related violations: <none>

TIMING-17#57 Warning
Non-clocked sequential cell  
The clock pin system_i/ADC_0/inst/ADC_v1_0_S00_AXI_inst/adc_i/to_send_reg[5]/C is not reached by a timing clock
Related violations: <none>

TIMING-17#58 Warning
Non-clocked sequential cell  
The clock pin system_i/ADC_0/inst/ADC_v1_0_S00_AXI_inst/adc_i/to_send_reg[6]/C is not reached by a timing clock
Related violations: <none>

TIMING-17#59 Warning
Non-clocked sequential cell  
The clock pin system_i/ADC_0/inst/ADC_v1_0_S00_AXI_inst/adc_i/transmit_reg/C is not reached by a timing clock
Related violations: <none>

TIMING-18#1 Warning
Missing input or output delay  
An input delay is missing on reset_rtl relative to clock(s) clk_fpga_0 
Related violations: <none>

TIMING-18#2 Warning
Missing input or output delay  
An output delay is missing on clk_out relative to clock(s) VIRTUAL_clk_out1_system_clk_wiz_0_0 
Related violations: <none>

TIMING-18#3 Warning
Missing input or output delay  
An output delay is missing on m_axis_data_tdata[0] relative to clock(s) clk_fpga_0 
Related violations: <none>

TIMING-18#4 Warning
Missing input or output delay  
An output delay is missing on m_axis_data_tdata[1] relative to clock(s) clk_fpga_0 
Related violations: <none>

TIMING-18#5 Warning
Missing input or output delay  
An output delay is missing on m_axis_data_tdata[2] relative to clock(s) clk_fpga_0 
Related violations: <none>

TIMING-18#6 Warning
Missing input or output delay  
An output delay is missing on m_axis_data_tdata[3] relative to clock(s) clk_fpga_0 
Related violations: <none>

TIMING-18#7 Warning
Missing input or output delay  
An output delay is missing on m_axis_data_tdata[4] relative to clock(s) clk_fpga_0 
Related violations: <none>

TIMING-18#8 Warning
Missing input or output delay  
An output delay is missing on m_axis_data_tdata[5] relative to clock(s) clk_fpga_0 
Related violations: <none>

TIMING-18#9 Warning
Missing input or output delay  
An output delay is missing on m_axis_data_tdata[6] relative to clock(s) clk_fpga_0 
Related violations: <none>

TIMING-18#10 Warning
Missing input or output delay  
An output delay is missing on m_axis_data_tdata[7] relative to clock(s) clk_fpga_0 
Related violations: <none>

TIMING-18#11 Warning
Missing input or output delay  
An output delay is missing on m_axis_data_tvalid relative to clock(s) clk_fpga_0 
Related violations: <none>


