Copyright 1986-2017 Xilinx, Inc. All Rights Reserved.
-------------------------------------------------------------------------------------------
| Tool Version : Vivado v.2017.2 (win64) Build 1909853 Thu Jun 15 18:39:09 MDT 2017
| Date         : Wed Nov 22 22:42:40 2017
| Host         : DESKTOP-GLIA512 running 64-bit major release  (build 9200)
| Command      : report_control_sets -verbose -file system_wrapper_control_sets_placed.rpt
| Design       : system_wrapper
| Device       : xc7z010
-------------------------------------------------------------------------------------------

Control Set Information

Table of Contents
-----------------
1. Summary
2. Flip-Flop Distribution
3. Detailed Control Set Information

1. Summary
----------

+----------------------------------------------------------+-------+
|                          Status                          | Count |
+----------------------------------------------------------+-------+
| Number of unique control sets                            |    61 |
| Unused register locations in slices containing registers |   122 |
+----------------------------------------------------------+-------+


2. Flip-Flop Distribution
-------------------------

+--------------+-----------------------+------------------------+-----------------+--------------+
| Clock Enable | Synchronous Set/Reset | Asynchronous Set/Reset | Total Registers | Total Slices |
+--------------+-----------------------+------------------------+-----------------+--------------+
| No           | No                    | No                     |             140 |           38 |
| No           | No                    | Yes                    |               6 |            2 |
| No           | Yes                   | No                     |             100 |           37 |
| Yes          | No                    | No                     |             444 |          113 |
| Yes          | No                    | Yes                    |              28 |            7 |
| Yes          | Yes                   | No                     |             232 |           58 |
+--------------+-----------------------+------------------------+-----------------+--------------+


3. Detailed Control Set Information
-----------------------------------

+-----------------------------------------------+-------------------------------------------------------------------------------------------------------------------------------------------------------------+----------------------------------------------------------------------------------------------------------------------------------------+------------------+----------------+
|                  Clock Signal                 |                                                                        Enable Signal                                                                        |                                                            Set/Reset Signal                                                            | Slice Load Count | Bel Load Count |
+-----------------------------------------------+-------------------------------------------------------------------------------------------------------------------------------------------------------------+----------------------------------------------------------------------------------------------------------------------------------------+------------------+----------------+
|  system_i/processing_system7_0/inst/FCLK_CLK0 | system_i/ps7_0_axi_periph/s00_couplers/auto_pc/inst/gen_axilite.gen_b2s_conv.axilite_b2s/WR.b_channel_0/bid_fifo_0/bresp_push                               |                                                                                                                                        |                1 |              2 |
|  system_i/processing_system7_0/inst/FCLK_CLK0 | system_i/ps7_0_axi_periph/s00_couplers/auto_pc/inst/gen_axilite.gen_b2s_conv.axilite_b2s/WR.aw_channel_0/cmd_translator_0/incr_cmd_0/axaddr_incr[0]_i_1_n_0 |                                                                                                                                        |                1 |              4 |
|  system_i/processing_system7_0/inst/FCLK_CLK0 | system_i/ADC_0/inst/ADC_v1_0_S00_AXI_inst/adc_i/spi_master_i/cnt[0]_i_1__0_n_0                                                                              | system_i/ADC_0/inst/ADC_v1_0_S00_AXI_inst/adc_i/spi_master_i/received_reg[0]_0                                                         |                1 |              4 |
|  system_i/processing_system7_0/inst/FCLK_CLK0 | system_i/ps7_0_axi_periph/s00_couplers/auto_pc/inst/gen_axilite.gen_b2s_conv.axilite_b2s/WR.aw_channel_0/aw_cmd_fsm_0/axaddr_wrap_reg[0]                    | system_i/ps7_0_axi_periph/s00_couplers/auto_pc/inst/gen_axilite.gen_b2s_conv.axilite_b2s/WR.aw_channel_0/aw_cmd_fsm_0/axlen_cnt_reg[7] |                1 |              4 |
|  system_i/processing_system7_0/inst/FCLK_CLK0 |                                                                                                                                                             | system_i/ps7_0_axi_periph/s00_couplers/auto_pc/inst/gen_axilite.gen_b2s_conv.axilite_b2s/SI_REG/aw_pipe/s_ready_i_reg_0                |                3 |              4 |
|  system_i/processing_system7_0/inst/FCLK_CLK0 |                                                                                                                                                             | system_i/ps7_0_axi_periph/s00_couplers/auto_pc/inst/gen_axilite.gen_b2s_conv.axilite_b2s/SI_REG/ar_pipe/m_valid_i_reg_0                |                3 |              4 |
|  system_i/processing_system7_0/inst/FCLK_CLK0 | system_i/ps7_0_axi_periph/s00_couplers/auto_pc/inst/gen_axilite.gen_b2s_conv.axilite_b2s/RD.ar_channel_0/ar_cmd_fsm_0/axaddr_incr_reg[11]                   |                                                                                                                                        |                1 |              4 |
|  system_i/processing_system7_0/inst/FCLK_CLK0 | system_i/ps7_0_axi_periph/s00_couplers/auto_pc/inst/gen_axilite.gen_b2s_conv.axilite_b2s/RD.ar_channel_0/ar_cmd_fsm_0/E[0]                                  |                                                                                                                                        |                1 |              4 |
|  system_i/processing_system7_0/inst/FCLK_CLK0 | system_i/ps7_0_axi_periph/s00_couplers/auto_pc/inst/gen_axilite.gen_b2s_conv.axilite_b2s/RD.ar_channel_0/ar_cmd_fsm_0/axlen_cnt_reg[4][0]                   | system_i/ps7_0_axi_periph/s00_couplers/auto_pc/inst/gen_axilite.gen_b2s_conv.axilite_b2s/RD.ar_channel_0/ar_cmd_fsm_0/axlen_cnt_reg[7] |                1 |              4 |
|  system_i/processing_system7_0/inst/FCLK_CLK0 | system_i/ps7_0_axi_periph/s00_couplers/auto_pc/inst/gen_axilite.gen_b2s_conv.axilite_b2s/WR.aw_channel_0/aw_cmd_fsm_0/E[0]                                  |                                                                                                                                        |                1 |              4 |
|  system_i/processing_system7_0/inst/FCLK_CLK0 | system_i/ADC_0/inst/ADC_v1_0_S00_AXI_inst/adc_i/spi_master_i/to_send_reg[2][0]                                                                              | system_i/ADC_0/inst/ADC_v1_0_S00_AXI_inst/adc_i/spi_master_i/received_reg[0]_0                                                         |                1 |              5 |
|  system_i/processing_system7_0/inst/FCLK_CLK0 |                                                                                                                                                             | system_i/rst_ps7_0_50M/U0/EXT_LPF/lpf_int                                                                                              |                4 |              5 |
|  system_i/processing_system7_0/inst/FCLK_CLK0 | system_i/ADC_0/inst/ADC_v1_0_S00_AXI_inst/adc_i/spi_master_i/cnt                                                                                            | system_i/ADC_0/inst/ADC_v1_0_S00_AXI_inst/adc_i/spi_master_i/received_reg[0]_0                                                         |                1 |              5 |
|  system_i/processing_system7_0/inst/FCLK_CLK0 |                                                                                                                                                             | system_i/ADC_0/inst/ADC_v1_0_S00_AXI_inst/adc_i/spi_master_i/received_reg[0]_0                                                         |                2 |              6 |
|  system_i/processing_system7_0/inst/FCLK_CLK0 | system_i/ADC_0/inst/ADC_v1_0_S00_AXI_inst/adc_i/spi_master_i/state_reg[0]_0[0]                                                                              | system_i/ADC_0/inst/ADC_v1_0_S00_AXI_inst/adc_i/spi_master_i/received_reg[0]_0                                                         |                3 |              6 |
|  system_i/processing_system7_0/inst/FCLK_CLK0 | system_i/rst_ps7_0_50M/U0/SEQ/seq_cnt_en                                                                                                                    | system_i/rst_ps7_0_50M/U0/SEQ/SEQ_COUNTER/clear                                                                                        |                1 |              6 |
|  system_i/processing_system7_0/inst/FCLK_CLK0 | system_i/DDS_0/inst/DDS_v1_0_S00_AXI_inst/p_1_in[15]                                                                                                        | system_i/DDS_0/inst/DDS_v1_0_S00_AXI_inst/p_0_in                                                                                       |                3 |              8 |
|  system_i/processing_system7_0/inst/FCLK_CLK0 | system_i/DDS_0/inst/DDS_v1_0_S00_AXI_inst/p_1_in[23]                                                                                                        | system_i/DDS_0/inst/DDS_v1_0_S00_AXI_inst/p_0_in                                                                                       |                2 |              8 |
|  system_i/processing_system7_0/inst/FCLK_CLK0 | system_i/DDS_0/inst/DDS_v1_0_S00_AXI_inst/p_1_in[31]                                                                                                        | system_i/DDS_0/inst/DDS_v1_0_S00_AXI_inst/p_0_in                                                                                       |                1 |              8 |
|  system_i/processing_system7_0/inst/FCLK_CLK0 | system_i/ps7_0_axi_periph/s00_couplers/auto_pc/inst/gen_axilite.gen_b2s_conv.axilite_b2s/WR.b_channel_0/mhandshake_r                                        | system_i/ps7_0_axi_periph/s00_couplers/auto_pc/inst/gen_axilite.gen_b2s_conv.axilite_b2s/WR.b_channel_0/bid_fifo_0/SR[0]               |                2 |              8 |
|  system_i/processing_system7_0/inst/FCLK_CLK0 | system_i/ADC_0/inst/ADC_v1_0_S00_AXI_inst/adc_i/spi_master_i/received[7]_i_1_n_0                                                                            | system_i/ADC_0/inst/ADC_v1_0_S00_AXI_inst/adc_i/spi_master_i/received_reg[0]_0                                                         |                1 |              8 |
|  system_i/processing_system7_0/inst/FCLK_CLK0 | system_i/ADC_0/inst/ADC_v1_0_S00_AXI_inst/adc_i/spi_master_i/E[0]                                                                                           |                                                                                                                                        |                2 |              8 |
|  system_i/processing_system7_0/inst/FCLK_CLK0 | system_i/ADC_0/inst/ADC_v1_0_S00_AXI_inst/adc_i/spi_master_i/E[1]                                                                                           |                                                                                                                                        |                2 |              8 |
|  system_i/processing_system7_0/inst/FCLK_CLK0 | system_i/ADC_0/inst/ADC_v1_0_S00_AXI_inst/slv_reg1[15]_i_1_n_0                                                                                              | system_i/ADC_0/inst/ADC_v1_0_S00_AXI_inst/axi_awready_i_1_n_0                                                                          |                1 |              8 |
|  system_i/processing_system7_0/inst/FCLK_CLK0 | system_i/ADC_0/inst/ADC_v1_0_S00_AXI_inst/slv_reg1[23]_i_1_n_0                                                                                              | system_i/ADC_0/inst/ADC_v1_0_S00_AXI_inst/axi_awready_i_1_n_0                                                                          |                1 |              8 |
|  system_i/processing_system7_0/inst/FCLK_CLK0 | system_i/ADC_0/inst/ADC_v1_0_S00_AXI_inst/slv_reg1[31]_i_1_n_0                                                                                              | system_i/ADC_0/inst/ADC_v1_0_S00_AXI_inst/axi_awready_i_1_n_0                                                                          |                2 |              8 |
|  system_i/processing_system7_0/inst/FCLK_CLK0 | system_i/ADC_0/inst/ADC_v1_0_S00_AXI_inst/slv_reg1[7]_i_1_n_0                                                                                               | system_i/ADC_0/inst/ADC_v1_0_S00_AXI_inst/axi_awready_i_1_n_0                                                                          |                2 |              8 |
|  system_i/processing_system7_0/inst/FCLK_CLK0 | system_i/ADC_0/inst/ADC_v1_0_S00_AXI_inst/slv_reg2[15]_i_1_n_0                                                                                              | system_i/ADC_0/inst/ADC_v1_0_S00_AXI_inst/axi_awready_i_1_n_0                                                                          |                2 |              8 |
|  system_i/processing_system7_0/inst/FCLK_CLK0 | system_i/ADC_0/inst/ADC_v1_0_S00_AXI_inst/slv_reg2[23]_i_1_n_0                                                                                              | system_i/ADC_0/inst/ADC_v1_0_S00_AXI_inst/axi_awready_i_1_n_0                                                                          |                1 |              8 |
|  system_i/processing_system7_0/inst/FCLK_CLK0 | system_i/ADC_0/inst/ADC_v1_0_S00_AXI_inst/slv_reg2[31]_i_1_n_0                                                                                              | system_i/ADC_0/inst/ADC_v1_0_S00_AXI_inst/axi_awready_i_1_n_0                                                                          |                2 |              8 |
|  system_i/processing_system7_0/inst/FCLK_CLK0 | system_i/ADC_0/inst/ADC_v1_0_S00_AXI_inst/slv_reg2[7]_i_1_n_0                                                                                               | system_i/ADC_0/inst/ADC_v1_0_S00_AXI_inst/axi_awready_i_1_n_0                                                                          |                2 |              8 |
|  system_i/processing_system7_0/inst/FCLK_CLK0 | system_i/ADC_0/inst/ADC_v1_0_S00_AXI_inst/slv_reg3[15]_i_1_n_0                                                                                              | system_i/ADC_0/inst/ADC_v1_0_S00_AXI_inst/axi_awready_i_1_n_0                                                                          |                2 |              8 |
|  system_i/processing_system7_0/inst/FCLK_CLK0 | system_i/ADC_0/inst/ADC_v1_0_S00_AXI_inst/slv_reg3[23]_i_1_n_0                                                                                              | system_i/ADC_0/inst/ADC_v1_0_S00_AXI_inst/axi_awready_i_1_n_0                                                                          |                2 |              8 |
|  system_i/processing_system7_0/inst/FCLK_CLK0 | system_i/ADC_0/inst/ADC_v1_0_S00_AXI_inst/slv_reg3[31]_i_1_n_0                                                                                              | system_i/ADC_0/inst/ADC_v1_0_S00_AXI_inst/axi_awready_i_1_n_0                                                                          |                2 |              8 |
|  system_i/processing_system7_0/inst/FCLK_CLK0 | system_i/ADC_0/inst/ADC_v1_0_S00_AXI_inst/slv_reg3[7]_i_1_n_0                                                                                               | system_i/ADC_0/inst/ADC_v1_0_S00_AXI_inst/axi_awready_i_1_n_0                                                                          |                2 |              8 |
|  system_i/processing_system7_0/inst/FCLK_CLK0 | system_i/DDS_0/inst/DDS_v1_0_S00_AXI_inst/p_1_in[7]                                                                                                         | system_i/DDS_0/inst/DDS_v1_0_S00_AXI_inst/p_0_in                                                                                       |                2 |              8 |
|  system_i/processing_system7_0/inst/FCLK_CLK0 | system_i/ADC_0/inst/ADC_v1_0_S00_AXI_inst/adc_i/spi_master_i/hold_to_send_0                                                                                 |                                                                                                                                        |                3 |              9 |
|  system_i/processing_system7_0/inst/FCLK_CLK0 |                                                                                                                                                             | system_i/ADC_0/inst/ADC_v1_0_S00_AXI_inst/axi_awready_i_1_n_0                                                                          |                5 |             10 |
|  system_i/processing_system7_0/inst/FCLK_CLK0 |                                                                                                                                                             | system_i/DDS_0/inst/DDS_v1_0_S00_AXI_inst/p_0_in                                                                                       |                4 |             10 |
|  system_i/processing_system7_0/inst/FCLK_CLK0 |                                                                                                                                                             | system_i/ps7_0_axi_periph/xbar/inst/gen_sasd.crossbar_sasd_0/addr_arbiter_inst/SR[0]                                                   |                3 |             11 |
|  system_i/processing_system7_0/inst/FCLK_CLK0 | system_i/ps7_0_axi_periph/s00_couplers/auto_pc/inst/gen_axilite.gen_b2s_conv.axilite_b2s/WR.aw_channel_0/aw_cmd_fsm_0/axaddr_wrap_reg[0]                    |                                                                                                                                        |                5 |             13 |
|  system_i/processing_system7_0/inst/FCLK_CLK0 | system_i/ps7_0_axi_periph/s00_couplers/auto_pc/inst/gen_axilite.gen_b2s_conv.axilite_b2s/RD.r_channel_0/r_push_r                                            |                                                                                                                                        |                4 |             13 |
|  system_i/processing_system7_0/inst/FCLK_CLK0 | system_i/ps7_0_axi_periph/s00_couplers/auto_pc/inst/gen_axilite.gen_b2s_conv.axilite_b2s/RD.ar_channel_0/ar_cmd_fsm_0/axlen_cnt_reg[4][0]                   |                                                                                                                                        |                5 |             13 |
|  system_i/processing_system7_0/inst/FCLK_CLK0 | system_i/ps7_0_axi_periph/s00_couplers/auto_pc/inst/gen_axilite.gen_b2s_conv.axilite_b2s/SI_REG/b_pipe/p_1_in                                               |                                                                                                                                        |                3 |             14 |
|  system_i/processing_system7_0/inst/FCLK_CLK0 | system_i/ps7_0_axi_periph/s00_couplers/auto_pc/inst/gen_axilite.gen_b2s_conv.axilite_b2s/SI_REG/b_pipe/skid_buffer_reg[0]_0                                 |                                                                                                                                        |                3 |             14 |
|  system_i/processing_system7_0/inst/FCLK_CLK0 | system_i/DDS_0/inst/DDS_v1_0_S00_AXI_inst/Q[16]                                                                                                             |                                                                                                                                        |                4 |             16 |
|  system_i/processing_system7_0/inst/FCLK_CLK0 | system_i/ps7_0_axi_periph/s00_couplers/auto_pc/inst/gen_axilite.gen_b2s_conv.axilite_b2s/WR.aw_channel_0/aw_cmd_fsm_0/b_push                                |                                                                                                                                        |                3 |             16 |
|  system_i/processing_system7_0/inst/FCLK_CLK0 | system_i/ps7_0_axi_periph/xbar/inst/gen_sasd.crossbar_sasd_0/addr_arbiter_inst/p_0_in1_in                                                                   | system_i/ps7_0_axi_periph/xbar/inst/gen_sasd.crossbar_sasd_0/addr_arbiter_inst/SR[0]                                                   |                5 |             18 |
|  system_i/processing_system7_0/inst/FCLK_CLK0 | system_i/ADC_0/inst/ADC_v1_0_S00_AXI_inst/slv_reg_rden__0                                                                                                   | system_i/ADC_0/inst/ADC_v1_0_S00_AXI_inst/axi_awready_i_1_n_0                                                                          |               12 |             32 |
|  system_i/processing_system7_0/inst/FCLK_CLK0 | system_i/DDS_0/inst/DDS_v1_0_S00_AXI_inst/slv_reg_rden__0                                                                                                   | system_i/DDS_0/inst/DDS_v1_0_S00_AXI_inst/p_0_in                                                                                       |                7 |             32 |
|  system_i/processing_system7_0/inst/FCLK_CLK0 | system_i/ps7_0_axi_periph/xbar/inst/gen_sasd.crossbar_sasd_0/reg_slice_r/aa_rready                                                                          |                                                                                                                                        |               12 |             32 |
|  system_i/processing_system7_0/inst/FCLK_CLK0 | system_i/ps7_0_axi_periph/s00_couplers/auto_pc/inst/gen_axilite.gen_b2s_conv.axilite_b2s/RD.r_channel_0/rd_data_fifo_0/wr_en0                               |                                                                                                                                        |                9 |             34 |
|  system_i/processing_system7_0/inst/FCLK_CLK0 | system_i/ps7_0_axi_periph/xbar/inst/gen_sasd.crossbar_sasd_0/addr_arbiter_inst/E[0]                                                                         |                                                                                                                                        |               14 |             35 |
|  system_i/processing_system7_0/inst/FCLK_CLK0 | system_i/ps7_0_axi_periph/s00_couplers/auto_pc/inst/gen_axilite.gen_b2s_conv.axilite_b2s/SI_REG/aw_pipe/skid_buffer_reg[0]_0                                |                                                                                                                                        |                9 |             43 |
|  system_i/processing_system7_0/inst/FCLK_CLK0 | system_i/ps7_0_axi_periph/s00_couplers/auto_pc/inst/gen_axilite.gen_b2s_conv.axilite_b2s/WR.aw_channel_0/aw_cmd_fsm_0/m_payload_i_reg[0][0]                 |                                                                                                                                        |               10 |             43 |
|  system_i/processing_system7_0/inst/FCLK_CLK0 | system_i/ps7_0_axi_periph/s00_couplers/auto_pc/inst/gen_axilite.gen_b2s_conv.axilite_b2s/RD.ar_channel_0/ar_cmd_fsm_0/m_payload_i_reg[0]_1[0]               |                                                                                                                                        |               10 |             43 |
|  system_i/processing_system7_0/inst/FCLK_CLK0 | system_i/ps7_0_axi_periph/s00_couplers/auto_pc/inst/gen_axilite.gen_b2s_conv.axilite_b2s/SI_REG/ar_pipe/skid_buffer_reg[0]_0                                |                                                                                                                                        |                8 |             43 |
|  system_i/processing_system7_0/inst/FCLK_CLK0 | system_i/ps7_0_axi_periph/s00_couplers/auto_pc/inst/gen_axilite.gen_b2s_conv.axilite_b2s/SI_REG/r_pipe/p_1_in                                               |                                                                                                                                        |                9 |             47 |
|  system_i/processing_system7_0/inst/FCLK_CLK0 | system_i/ps7_0_axi_periph/s00_couplers/auto_pc/inst/gen_axilite.gen_b2s_conv.axilite_b2s/SI_REG/r_pipe/skid_buffer_reg[0]_0                                 |                                                                                                                                        |               10 |             47 |
|  system_i/processing_system7_0/inst/FCLK_CLK0 |                                                                                                                                                             | system_i/ps7_0_axi_periph/s00_couplers/auto_pc/inst/gen_axilite.gen_b2s_conv.axilite_b2s/areset_d1                                     |               15 |             56 |
|  system_i/processing_system7_0/inst/FCLK_CLK0 |                                                                                                                                                             |                                                                                                                                        |               39 |            141 |
+-----------------------------------------------+-------------------------------------------------------------------------------------------------------------------------------------------------------------+----------------------------------------------------------------------------------------------------------------------------------------+------------------+----------------+


+--------+-----------------------+
| Fanout | Number of ControlSets |
+--------+-----------------------+
| 2      |                     1 |
| 4      |                     9 |
| 5      |                     3 |
| 6      |                     3 |
| 8      |                    20 |
| 9      |                     1 |
| 10     |                     2 |
| 11     |                     1 |
| 13     |                     3 |
| 14     |                     2 |
| 16+    |                    16 |
+--------+-----------------------+


