#-----------------------------------------------------------
# Vivado v2017.2 (64-bit)
# SW Build 1909853 on Thu Jun 15 18:39:09 MDT 2017
# IP Build 1909766 on Thu Jun 15 19:58:00 MDT 2017
# Start of session at: Sat Nov 18 20:48:32 2017
# Process ID: 7876
# Current directory: C:/work/Resistor-Capacitance-Inductance-Measurement-System/RCIMS
# Command line: vivado.exe -gui_launcher_event rodinguilauncherevent1028 C:\work\Resistor-Capacitance-Inductance-Measurement-System\RCIMS\RCIMS.xpr
# Log file: C:/work/Resistor-Capacitance-Inductance-Measurement-System/RCIMS/vivado.log
# Journal file: C:/work/Resistor-Capacitance-Inductance-Measurement-System/RCIMS\vivado.jou
#-----------------------------------------------------------
start_gui
open_project C:/work/Resistor-Capacitance-Inductance-Measurement-System/RCIMS/RCIMS.xpr
Scanning sources...
Finished scanning sources
INFO: [IP_Flow 19-234] Refreshing IP repositories
INFO: [IP_Flow 19-1700] Loaded user IP repository 'c:/work/Resistor-Capacitance-Inductance-Measurement-System/ip_repo/DDS_1.0'.
WARNING: [IP_Flow 19-2207] Repository 'c:/work/Resistor-Capacitance-Inductance-Measurement-System/ip_repo/DDS_1.0' already exists; ignoring attempt to add it again.
INFO: [IP_Flow 19-1700] Loaded user IP repository 'c:/work/Resistor-Capacitance-Inductance-Measurement-System/ip_repo/DDS_1.0'.
INFO: [IP_Flow 19-2313] Loaded Vivado IP repository 'C:/Xilinx/Vivado/2017.2/data/ip'.
open_project: Time (s): cpu = 00:00:15 ; elapsed = 00:00:13 . Memory (MB): peak = 753.078 ; gain = 83.164
update_compile_order -fileset sources_1
launch_sdk -workspace C:/work/Resistor-Capacitance-Inductance-Measurement-System/RCIMS/RCIMS.sdk -hwspec C:/work/Resistor-Capacitance-Inductance-Measurement-System/RCIMS/RCIMS.sdk/system_wrapper.hdf
INFO: [Vivado 12-393] Launching SDK...
INFO: [Vivado 12-417] Running xsdk -workspace C:/work/Resistor-Capacitance-Inductance-Measurement-System/RCIMS/RCIMS.sdk -hwspec C:/work/Resistor-Capacitance-Inductance-Measurement-System/RCIMS/RCIMS.sdk/system_wrapper.hdf
INFO: [Vivado 12-3157] SDK launch initiated. Please check console for any further messages.
exit
INFO: [Common 17-206] Exiting Vivado at Sat Nov 18 20:59:17 2017...
