#-----------------------------------------------------------
# Vivado v2017.2 (64-bit)
# SW Build 1909853 on Thu Jun 15 18:39:09 MDT 2017
# IP Build 1909766 on Thu Jun 15 19:58:00 MDT 2017
# Start of session at: Fri Dec  8 21:31:47 2017
# Process ID: 6052
# Current directory: C:/work/Resistor-Capacitance-Inductance-Measurement-System/RCIMS
# Command line: vivado.exe -gui_launcher_event rodinguilauncherevent8076 C:\work\Resistor-Capacitance-Inductance-Measurement-System\RCIMS\RCIMS.xpr
# Log file: C:/work/Resistor-Capacitance-Inductance-Measurement-System/RCIMS/vivado.log
# Journal file: C:/work/Resistor-Capacitance-Inductance-Measurement-System/RCIMS\vivado.jou
#-----------------------------------------------------------
start_gui
open_project C:/work/Resistor-Capacitance-Inductance-Measurement-System/RCIMS/RCIMS.xpr
Scanning sources...
Finished scanning sources
INFO: [IP_Flow 19-234] Refreshing IP repositories
INFO: [IP_Flow 19-1700] Loaded user IP repository 'c:/work/Resistor-Capacitance-Inductance-Measurement-System/ip_repo'.
WARNING: [IP_Flow 19-3685] Ignored loading user repository 'c:/work/Resistor-Capacitance-Inductance-Measurement-System/ip_repo/Display_1.0'. The path is contained within another repository.
WARNING: [IP_Flow 19-3685] Ignored loading user repository 'c:/work/Resistor-Capacitance-Inductance-Measurement-System/ip_repo/Display_1.0/src/lcd_display_0'. The path is contained within another repository.
WARNING: [IP_Flow 19-3685] Ignored loading user repository 'c:/work/Resistor-Capacitance-Inductance-Measurement-System/ip_repo/Display_1.0/src/lcd_display_0_1'. The path is contained within another repository.
WARNING: [IP_Flow 19-3685] Ignored loading user repository 'c:/work/Resistor-Capacitance-Inductance-Measurement-System/ip_repo/ADC_1.0'. The path is contained within another repository.
WARNING: [IP_Flow 19-3685] Ignored loading user repository 'c:/work/Resistor-Capacitance-Inductance-Measurement-System/ip_repo/DDS_1.0'. The path is contained within another repository.
INFO: [IP_Flow 19-2313] Loaded Vivado IP repository 'C:/Xilinx/Vivado/2017.2/data/ip'.
WARNING: [IP_Flow 19-3664] IP 'lcd_display' generated file not found 'c:/work/Resistor-Capacitance-Inductance-Measurement-System/RCIMS/RCIMS.srcs/sources_1/bd/system/ip/system_Display_0_0/src/lcd_display/sources_1/bd/system/ip/system_clk_wiz_0_0_1/system_clk_wiz_0_0.xci'. Please regenerate to continue.
WARNING: [IP_Flow 19-3664] IP 'lcd_display' generated file not found 'c:/work/Resistor-Capacitance-Inductance-Measurement-System/RCIMS/RCIMS.srcs/sources_1/bd/system/ip/system_Display_0_0/src/lcd_display/sources_1/bd/system/ip/system_clk_wiz_0_0_1/system_clk_wiz_0_0.xci'. Please regenerate to continue.
ERROR: [IP_Flow 19-993] Could not find IP file for IP 'system_clk_wiz_0_0'.
CRITICAL WARNING: [IP_Flow 19-5097] Unable to determine VLNV from IP file; verify it has the correct syntax: 
CRITICAL WARNING: [IP_Flow 19-3577] Failed to recreate IP instance 'lcd_display'. Error during subcore creation.
CRITICAL WARNING: [IP_Flow 19-3577] Failed to recreate IP instance 'system_Display_0_0'. Error during subcore creation.
open_project: Time (s): cpu = 00:00:19 ; elapsed = 00:00:21 . Memory (MB): peak = 781.523 ; gain = 83.371
ERROR: [Common 17-39] 'open_project' failed due to earlier errors.
update_compile_order -fileset sources_1
exit
INFO: [Common 17-206] Exiting Vivado at Fri Dec  8 21:46:05 2017...
