INFO: [VRFC 10-2263] Analyzing Verilog file "C:/work/Resistor-Capacitance-Inductance-Measurement-System/RCIMS/RCIMS.ip_user_files/bd/system/ip/system_processing_system7_0_0/sim/system_processing_system7_0_0.v" into library xil_defaultlib
INFO: [VRFC 10-311] analyzing module system_processing_system7_0_0
INFO: [VRFC 10-2263] Analyzing Verilog file "C:/work/Resistor-Capacitance-Inductance-Measurement-System/RCIMS/RCIMS.ip_user_files/bd/system/ipshared/2317/hdl/DDS_v1_0_S00_AXI.v" into library xil_defaultlib
INFO: [VRFC 10-311] analyzing module DDS_v1_0_S00_AXI
INFO: [VRFC 10-2263] Analyzing Verilog file "C:/work/Resistor-Capacitance-Inductance-Measurement-System/RCIMS/RCIMS.ip_user_files/bd/system/ipshared/2317/hdl/DDS_v1_0.v" into library xil_defaultlib
INFO: [VRFC 10-311] analyzing module DDS_v1_0
INFO: [VRFC 10-2263] Analyzing Verilog file "C:/work/Resistor-Capacitance-Inductance-Measurement-System/RCIMS/RCIMS.ip_user_files/bd/system/ip/system_DDS_0_0/sim/system_DDS_0_0.v" into library xil_defaultlib
INFO: [VRFC 10-311] analyzing module system_DDS_0_0
INFO: [VRFC 10-2263] Analyzing Verilog file "C:/work/Resistor-Capacitance-Inductance-Measurement-System/RCIMS/RCIMS.ip_user_files/bd/system/hdl/system.v" into library xil_defaultlib
INFO: [VRFC 10-311] analyzing module m00_couplers_imp_1H7AUOX
INFO: [VRFC 10-311] analyzing module m01_couplers_imp_4Y7TYO
INFO: [VRFC 10-311] analyzing module s00_couplers_imp_11SE3QO
INFO: [VRFC 10-311] analyzing module system
INFO: [VRFC 10-311] analyzing module system_ps7_0_axi_periph_0
INFO: [VRFC 10-2263] Analyzing Verilog file "C:/work/Resistor-Capacitance-Inductance-Measurement-System/RCIMS/RCIMS.ip_user_files/bd/system/ip/system_clk_wiz_0_0/system_clk_wiz_0_0_clk_wiz.v" into library xil_defaultlib
INFO: [VRFC 10-311] analyzing module system_clk_wiz_0_0_clk_wiz
INFO: [VRFC 10-2263] Analyzing Verilog file "C:/work/Resistor-Capacitance-Inductance-Measurement-System/RCIMS/RCIMS.ip_user_files/bd/system/ip/system_clk_wiz_0_0/system_clk_wiz_0_0.v" into library xil_defaultlib
INFO: [VRFC 10-311] analyzing module system_clk_wiz_0_0
INFO: [VRFC 10-2263] Analyzing Verilog file "C:/work/Resistor-Capacitance-Inductance-Measurement-System/RCIMS/RCIMS.ip_user_files/bd/system/ip/system_xbar_0/sim/system_xbar_0.v" into library xil_defaultlib
INFO: [VRFC 10-311] analyzing module system_xbar_0
INFO: [VRFC 10-2263] Analyzing Verilog file "C:/work/Resistor-Capacitance-Inductance-Measurement-System/RCIMS/RCIMS.ip_user_files/bd/system/ipshared/c92a/hdl/ADC_v1_0_S00_AXI.v" into library xil_defaultlib
INFO: [VRFC 10-311] analyzing module ADC_v1_0_S00_AXI
INFO: [VRFC 10-2263] Analyzing Verilog file "C:/work/Resistor-Capacitance-Inductance-Measurement-System/RCIMS/RCIMS.ip_user_files/bd/system/ipshared/c92a/src/adc.v" into library xil_defaultlib
INFO: [VRFC 10-311] analyzing module adc
INFO: [VRFC 10-2263] Analyzing Verilog file "C:/work/Resistor-Capacitance-Inductance-Measurement-System/RCIMS/RCIMS.ip_user_files/bd/system/ipshared/c92a/src/spi_master.v" into library xil_defaultlib
INFO: [VRFC 10-311] analyzing module spi_master
INFO: [VRFC 10-2263] Analyzing Verilog file "C:/work/Resistor-Capacitance-Inductance-Measurement-System/RCIMS/RCIMS.ip_user_files/bd/system/ipshared/c92a/hdl/ADC_v1_0.v" into library xil_defaultlib
INFO: [VRFC 10-311] analyzing module ADC_v1_0
INFO: [VRFC 10-2263] Analyzing Verilog file "C:/work/Resistor-Capacitance-Inductance-Measurement-System/RCIMS/RCIMS.ip_user_files/bd/system/ip/system_ADC_0_0/sim/system_ADC_0_0.v" into library xil_defaultlib
INFO: [VRFC 10-311] analyzing module system_ADC_0_0
INFO: [VRFC 10-2263] Analyzing Verilog file "C:/work/Resistor-Capacitance-Inductance-Measurement-System/RCIMS/RCIMS.ip_user_files/bd/system/ip/system_auto_pc_0/sim/system_auto_pc_0.v" into library xil_defaultlib
INFO: [VRFC 10-311] analyzing module system_auto_pc_0
INFO: [VRFC 10-2263] Analyzing Verilog file "C:/work/Resistor-Capacitance-Inductance-Measurement-System/RCIMS/RCIMS.srcs/sources_1/new/ComplementCalibration.v" into library xil_defaultlib
INFO: [VRFC 10-311] analyzing module ComplementCalibration
INFO: [VRFC 10-2263] Analyzing Verilog file "C:/work/Resistor-Capacitance-Inductance-Measurement-System/RCIMS/RCIMS.srcs/sources_1/bd/system/hdl/system_wrapper.v" into library xil_defaultlib
INFO: [VRFC 10-311] analyzing module system_wrapper
INFO: [VRFC 10-2263] Analyzing Verilog file "C:/work/Resistor-Capacitance-Inductance-Measurement-System/RCIMS/RCIMS.sim/sim_1/behav/glbl.v" into library xil_defaultlib
INFO: [VRFC 10-311] analyzing module glbl
INFO: [VRFC 10-163] Analyzing VHDL file "C:/work/Resistor-Capacitance-Inductance-Measurement-System/RCIMS/RCIMS.ip_user_files/bd/system/ip/system_dds_compiler_0_1/sim/system_dds_compiler_0_1.vhd" into library xil_defaultlib
INFO: [VRFC 10-307] analyzing entity system_dds_compiler_0_1
INFO: [VRFC 10-163] Analyzing VHDL file "C:/work/Resistor-Capacitance-Inductance-Measurement-System/RCIMS/RCIMS.ip_user_files/bd/system/ip/system_rst_ps7_0_50M_0/sim/system_rst_ps7_0_50M_0.vhd" into library xil_defaultlib
INFO: [VRFC 10-307] analyzing entity system_rst_ps7_0_50M_0
