23:14:20 INFO  : Registering command handlers for SDK TCF services
23:14:22 INFO  : Launching XSCT server: xsct.bat -interactive C:\work\Resistor-Capacitance-Inductance-Measurement-System\RCIMS\RCIMS.sdk\temp_xsdb_launch_script.tcl
23:14:26 INFO  : XSCT server has started successfully.
23:14:33 INFO  : Processing command line option -hwspec C:/work/Resistor-Capacitance-Inductance-Measurement-System/RCIMS/RCIMS.sdk/system_wrapper.hdf.
23:14:33 INFO  : Successfully done setting XSCT server connection channel  
23:14:33 INFO  : Successfully done setting SDK workspace  
23:16:21 INFO  : 'targets -set -filter {jtag_cable_name =~ "Digilent JTAG-HS1 210512180081" && level==0} -index 1' command is executed.
23:16:21 INFO  : 'fpga -state' command is executed.
23:16:21 INFO  : Connected to target on host '127.0.0.1' and port '3121'.
23:16:22 INFO  : Jtag cable 'Digilent JTAG-HS1 210512180081' is selected.
23:16:22 INFO  : 'jtag frequency' command is executed.
23:16:22 INFO  : Sourcing of 'C:/work/Resistor-Capacitance-Inductance-Measurement-System/RCIMS/RCIMS.sdk/system_wrapper_hw_platform_0/ps7_init.tcl' is done.
23:16:25 ERROR : no targets found with "name =~"APU*" && jtag_cable_name =~ "Digilent JTAG-HS1 210512180081"". available targets:
  1  DAP (JTAG port open error. AP transaction error, DAP status 30000021)
  2* xc7z010
23:16:25 INFO  : ----------------XSDB Script----------------
connect -url tcp:127.0.0.1:3121
source C:/work/Resistor-Capacitance-Inductance-Measurement-System/RCIMS/RCIMS.sdk/system_wrapper_hw_platform_0/ps7_init.tcl
targets -set -nocase -filter {name =~"APU*" && jtag_cable_name =~ "Digilent JTAG-HS1 210512180081"} -index 0
----------------End of Script----------------

23:17:11 INFO  : 'targets -set -filter {jtag_cable_name =~ "Digilent JTAG-HS1 210512180081" && level==0} -index 1' command is executed.
23:17:12 INFO  : 'fpga -state' command is executed.
23:17:12 INFO  : Connected to target on host '127.0.0.1' and port '3121'.
23:17:13 INFO  : Jtag cable 'Digilent JTAG-HS1 210512180081' is selected.
23:17:13 INFO  : 'jtag frequency' command is executed.
23:17:13 INFO  : Sourcing of 'C:/work/Resistor-Capacitance-Inductance-Measurement-System/RCIMS/RCIMS.sdk/system_wrapper_hw_platform_0/ps7_init.tcl' is done.
23:17:13 INFO  : Context for 'APU' is selected.
23:17:13 INFO  : Hardware design information is loaded from 'C:/work/Resistor-Capacitance-Inductance-Measurement-System/RCIMS/RCIMS.sdk/system_wrapper_hw_platform_0/system.hdf'.
23:17:13 INFO  : 'configparams force-mem-access 1' command is executed.
23:17:13 INFO  : Context for 'APU' is selected.
23:17:14 INFO  : 'stop' command is executed.
23:17:15 INFO  : 'ps7_init' command is executed.
23:17:15 INFO  : 'ps7_post_config' command is executed.
23:17:15 INFO  : Context for processor 'ps7_cortexa9_0' is selected.
23:17:15 INFO  : Processor reset is completed for 'ps7_cortexa9_0'.
23:17:15 INFO  : Context for processor 'ps7_cortexa9_0' is selected.
23:17:16 INFO  : The application 'C:/work/Resistor-Capacitance-Inductance-Measurement-System/RCIMS/RCIMS.sdk/test/Debug/test.elf' is downloaded to processor 'ps7_cortexa9_0'.
23:17:16 INFO  : 'configparams force-mem-access 0' command is executed.
23:17:16 INFO  : ----------------XSDB Script----------------
connect -url tcp:127.0.0.1:3121
source C:/work/Resistor-Capacitance-Inductance-Measurement-System/RCIMS/RCIMS.sdk/system_wrapper_hw_platform_0/ps7_init.tcl
targets -set -nocase -filter {name =~"APU*" && jtag_cable_name =~ "Digilent JTAG-HS1 210512180081"} -index 0
loadhw -hw C:/work/Resistor-Capacitance-Inductance-Measurement-System/RCIMS/RCIMS.sdk/system_wrapper_hw_platform_0/system.hdf -mem-ranges [list {0x40000000 0xbfffffff}]
configparams force-mem-access 1
targets -set -nocase -filter {name =~"APU*" && jtag_cable_name =~ "Digilent JTAG-HS1 210512180081"} -index 0
stop
ps7_init
ps7_post_config
targets -set -nocase -filter {name =~ "ARM*#0" && jtag_cable_name =~ "Digilent JTAG-HS1 210512180081"} -index 0
rst -processor
targets -set -nocase -filter {name =~ "ARM*#0" && jtag_cable_name =~ "Digilent JTAG-HS1 210512180081"} -index 0
dow C:/work/Resistor-Capacitance-Inductance-Measurement-System/RCIMS/RCIMS.sdk/test/Debug/test.elf
configparams force-mem-access 0
----------------End of Script----------------

23:17:16 INFO  : Memory regions updated for context APU
23:17:16 INFO  : Context for processor 'ps7_cortexa9_0' is selected.
23:17:16 INFO  : 'con' command is executed.
23:17:16 INFO  : ----------------XSDB Script (After Launch)----------------
targets -set -nocase -filter {name =~ "ARM*#0" && jtag_cable_name =~ "Digilent JTAG-HS1 210512180081"} -index 0
con
----------------End of Script----------------

23:17:16 INFO  : Launch script is exported to file 'C:\work\Resistor-Capacitance-Inductance-Measurement-System\RCIMS\RCIMS.sdk\.sdk\launch_scripts\xilinx_c-c++_application_(system_debugger)\system_debugger_using_debug_test.elf_on_local.tcl'
23:30:20 INFO  : Disconnected from the channel tcfchan#1.
23:30:22 INFO  : 'targets -set -filter {jtag_cable_name =~ "Digilent JTAG-HS1 210512180081" && level==0} -index 1' command is executed.
23:30:22 INFO  : 'fpga -state' command is executed.
23:30:22 INFO  : Connected to target on host '127.0.0.1' and port '3121'.
23:30:24 INFO  : Jtag cable 'Digilent JTAG-HS1 210512180081' is selected.
23:30:24 INFO  : 'jtag frequency' command is executed.
23:30:24 INFO  : Sourcing of 'C:/work/Resistor-Capacitance-Inductance-Measurement-System/RCIMS/RCIMS.sdk/system_wrapper_hw_platform_0/ps7_init.tcl' is done.
23:30:24 INFO  : Context for 'APU' is selected.
23:30:31 INFO  : Hardware design information is loaded from 'C:/work/Resistor-Capacitance-Inductance-Measurement-System/RCIMS/RCIMS.sdk/system_wrapper_hw_platform_0/system.hdf'.
23:30:31 INFO  : 'configparams force-mem-access 1' command is executed.
23:30:31 INFO  : Context for 'APU' is selected.
23:30:31 INFO  : 'stop' command is executed.
23:30:35 INFO  : 'ps7_init' command is executed.
23:30:35 INFO  : 'ps7_post_config' command is executed.
23:30:35 INFO  : Context for processor 'ps7_cortexa9_0' is selected.
23:30:36 INFO  : Processor reset is completed for 'ps7_cortexa9_0'.
23:30:36 INFO  : Context for processor 'ps7_cortexa9_0' is selected.
23:30:36 INFO  : The application 'C:/work/Resistor-Capacitance-Inductance-Measurement-System/RCIMS/RCIMS.sdk/test/Debug/test.elf' is downloaded to processor 'ps7_cortexa9_0'.
23:30:36 INFO  : 'configparams force-mem-access 0' command is executed.
23:30:36 INFO  : ----------------XSDB Script----------------
connect -url tcp:127.0.0.1:3121
source C:/work/Resistor-Capacitance-Inductance-Measurement-System/RCIMS/RCIMS.sdk/system_wrapper_hw_platform_0/ps7_init.tcl
targets -set -nocase -filter {name =~"APU*" && jtag_cable_name =~ "Digilent JTAG-HS1 210512180081"} -index 0
loadhw -hw C:/work/Resistor-Capacitance-Inductance-Measurement-System/RCIMS/RCIMS.sdk/system_wrapper_hw_platform_0/system.hdf -mem-ranges [list {0x40000000 0xbfffffff}]
configparams force-mem-access 1
targets -set -nocase -filter {name =~"APU*" && jtag_cable_name =~ "Digilent JTAG-HS1 210512180081"} -index 0
stop
ps7_init
ps7_post_config
targets -set -nocase -filter {name =~ "ARM*#0" && jtag_cable_name =~ "Digilent JTAG-HS1 210512180081"} -index 0
rst -processor
targets -set -nocase -filter {name =~ "ARM*#0" && jtag_cable_name =~ "Digilent JTAG-HS1 210512180081"} -index 0
dow C:/work/Resistor-Capacitance-Inductance-Measurement-System/RCIMS/RCIMS.sdk/test/Debug/test.elf
configparams force-mem-access 0
----------------End of Script----------------

23:30:37 INFO  : Memory regions updated for context APU
23:30:37 INFO  : Context for processor 'ps7_cortexa9_0' is selected.
23:30:38 INFO  : 'con' command is executed.
23:30:38 INFO  : ----------------XSDB Script (After Launch)----------------
targets -set -nocase -filter {name =~ "ARM*#0" && jtag_cable_name =~ "Digilent JTAG-HS1 210512180081"} -index 0
con
----------------End of Script----------------

23:30:38 INFO  : Launch script is exported to file 'C:\work\Resistor-Capacitance-Inductance-Measurement-System\RCIMS\RCIMS.sdk\.sdk\launch_scripts\xilinx_c-c++_application_(system_debugger)\system_debugger_using_debug_test.elf_on_local.tcl'
23:36:00 INFO  : Disconnected from the channel tcfchan#2.
23:36:02 INFO  : 'targets -set -filter {jtag_cable_name =~ "Digilent JTAG-HS1 210512180081" && level==0} -index 1' command is executed.
23:36:02 INFO  : 'fpga -state' command is executed.
23:36:02 INFO  : Connected to target on host '127.0.0.1' and port '3121'.
23:36:04 INFO  : Jtag cable 'Digilent JTAG-HS1 210512180081' is selected.
23:36:04 INFO  : 'jtag frequency' command is executed.
23:36:04 INFO  : Sourcing of 'C:/work/Resistor-Capacitance-Inductance-Measurement-System/RCIMS/RCIMS.sdk/system_wrapper_hw_platform_0/ps7_init.tcl' is done.
23:36:04 INFO  : Context for 'APU' is selected.
23:36:08 INFO  : Hardware design information is loaded from 'C:/work/Resistor-Capacitance-Inductance-Measurement-System/RCIMS/RCIMS.sdk/system_wrapper_hw_platform_0/system.hdf'.
23:36:08 INFO  : 'configparams force-mem-access 1' command is executed.
23:36:08 INFO  : Context for 'APU' is selected.
23:36:08 INFO  : 'stop' command is executed.
23:36:10 INFO  : 'ps7_init' command is executed.
23:36:10 INFO  : 'ps7_post_config' command is executed.
23:36:10 INFO  : Context for processor 'ps7_cortexa9_0' is selected.
23:36:11 INFO  : Processor reset is completed for 'ps7_cortexa9_0'.
23:36:11 INFO  : Context for processor 'ps7_cortexa9_0' is selected.
23:36:12 INFO  : The application 'C:/work/Resistor-Capacitance-Inductance-Measurement-System/RCIMS/RCIMS.sdk/test/Debug/test.elf' is downloaded to processor 'ps7_cortexa9_0'.
23:36:12 INFO  : 'configparams force-mem-access 0' command is executed.
23:36:12 INFO  : ----------------XSDB Script----------------
connect -url tcp:127.0.0.1:3121
source C:/work/Resistor-Capacitance-Inductance-Measurement-System/RCIMS/RCIMS.sdk/system_wrapper_hw_platform_0/ps7_init.tcl
targets -set -nocase -filter {name =~"APU*" && jtag_cable_name =~ "Digilent JTAG-HS1 210512180081"} -index 0
loadhw -hw C:/work/Resistor-Capacitance-Inductance-Measurement-System/RCIMS/RCIMS.sdk/system_wrapper_hw_platform_0/system.hdf -mem-ranges [list {0x40000000 0xbfffffff}]
configparams force-mem-access 1
targets -set -nocase -filter {name =~"APU*" && jtag_cable_name =~ "Digilent JTAG-HS1 210512180081"} -index 0
stop
ps7_init
ps7_post_config
targets -set -nocase -filter {name =~ "ARM*#0" && jtag_cable_name =~ "Digilent JTAG-HS1 210512180081"} -index 0
rst -processor
targets -set -nocase -filter {name =~ "ARM*#0" && jtag_cable_name =~ "Digilent JTAG-HS1 210512180081"} -index 0
dow C:/work/Resistor-Capacitance-Inductance-Measurement-System/RCIMS/RCIMS.sdk/test/Debug/test.elf
configparams force-mem-access 0
----------------End of Script----------------

23:36:12 INFO  : Memory regions updated for context APU
23:36:12 INFO  : Context for processor 'ps7_cortexa9_0' is selected.
23:36:13 INFO  : 'con' command is executed.
23:36:13 INFO  : ----------------XSDB Script (After Launch)----------------
targets -set -nocase -filter {name =~ "ARM*#0" && jtag_cable_name =~ "Digilent JTAG-HS1 210512180081"} -index 0
con
----------------End of Script----------------

23:36:13 INFO  : Launch script is exported to file 'C:\work\Resistor-Capacitance-Inductance-Measurement-System\RCIMS\RCIMS.sdk\.sdk\launch_scripts\xilinx_c-c++_application_(system_debugger)\system_debugger_using_debug_test.elf_on_local.tcl'
23:37:44 INFO  : Connected to target on host '127.0.0.1' and port '3121'.
23:37:45 INFO  : 'targets -set -filter {jtag_cable_name =~ "Digilent JTAG-HS1 210512180081" && level==0} -index 1' command is executed.
23:37:47 INFO  : FPGA configured successfully with bitstream "C:/work/Resistor-Capacitance-Inductance-Measurement-System/RCIMS/RCIMS.sdk/system_wrapper_hw_platform_0/system_wrapper.bit"
23:39:34 INFO  : Disconnected from the channel tcfchan#3.
23:39:35 INFO  : 'targets -set -filter {jtag_cable_name =~ "Digilent JTAG-HS1 210512180081" && level==0} -index 1' command is executed.
23:39:35 INFO  : 'fpga -state' command is executed.
23:39:36 INFO  : Connected to target on host '127.0.0.1' and port '3121'.
23:39:37 INFO  : Jtag cable 'Digilent JTAG-HS1 210512180081' is selected.
23:39:37 INFO  : 'jtag frequency' command is executed.
23:39:37 INFO  : Sourcing of 'C:/work/Resistor-Capacitance-Inductance-Measurement-System/RCIMS/RCIMS.sdk/system_wrapper_hw_platform_0/ps7_init.tcl' is done.
23:39:37 INFO  : Context for 'APU' is selected.
23:39:41 INFO  : Hardware design information is loaded from 'C:/work/Resistor-Capacitance-Inductance-Measurement-System/RCIMS/RCIMS.sdk/system_wrapper_hw_platform_0/system.hdf'.
23:39:41 INFO  : 'configparams force-mem-access 1' command is executed.
23:39:41 INFO  : Context for 'APU' is selected.
23:39:41 INFO  : 'stop' command is executed.
23:39:45 INFO  : 'ps7_init' command is executed.
23:39:45 INFO  : 'ps7_post_config' command is executed.
23:39:45 INFO  : Context for processor 'ps7_cortexa9_0' is selected.
23:39:45 INFO  : Processor reset is completed for 'ps7_cortexa9_0'.
23:39:45 INFO  : Context for processor 'ps7_cortexa9_0' is selected.
23:39:46 INFO  : The application 'C:/work/Resistor-Capacitance-Inductance-Measurement-System/RCIMS/RCIMS.sdk/test/Debug/test.elf' is downloaded to processor 'ps7_cortexa9_0'.
23:39:46 INFO  : 'configparams force-mem-access 0' command is executed.
23:39:46 INFO  : ----------------XSDB Script----------------
connect -url tcp:127.0.0.1:3121
source C:/work/Resistor-Capacitance-Inductance-Measurement-System/RCIMS/RCIMS.sdk/system_wrapper_hw_platform_0/ps7_init.tcl
targets -set -nocase -filter {name =~"APU*" && jtag_cable_name =~ "Digilent JTAG-HS1 210512180081"} -index 0
loadhw -hw C:/work/Resistor-Capacitance-Inductance-Measurement-System/RCIMS/RCIMS.sdk/system_wrapper_hw_platform_0/system.hdf -mem-ranges [list {0x40000000 0xbfffffff}]
configparams force-mem-access 1
targets -set -nocase -filter {name =~"APU*" && jtag_cable_name =~ "Digilent JTAG-HS1 210512180081"} -index 0
stop
ps7_init
ps7_post_config
targets -set -nocase -filter {name =~ "ARM*#0" && jtag_cable_name =~ "Digilent JTAG-HS1 210512180081"} -index 0
rst -processor
targets -set -nocase -filter {name =~ "ARM*#0" && jtag_cable_name =~ "Digilent JTAG-HS1 210512180081"} -index 0
dow C:/work/Resistor-Capacitance-Inductance-Measurement-System/RCIMS/RCIMS.sdk/test/Debug/test.elf
configparams force-mem-access 0
----------------End of Script----------------

23:39:46 INFO  : Memory regions updated for context APU
23:39:46 INFO  : Context for processor 'ps7_cortexa9_0' is selected.
23:39:47 INFO  : 'con' command is executed.
23:39:47 INFO  : ----------------XSDB Script (After Launch)----------------
targets -set -nocase -filter {name =~ "ARM*#0" && jtag_cable_name =~ "Digilent JTAG-HS1 210512180081"} -index 0
con
----------------End of Script----------------

23:39:47 INFO  : Launch script is exported to file 'C:\work\Resistor-Capacitance-Inductance-Measurement-System\RCIMS\RCIMS.sdk\.sdk\launch_scripts\xilinx_c-c++_application_(system_debugger)\system_debugger_using_debug_test.elf_on_local.tcl'
23:40:58 INFO  : Connected to target on host '127.0.0.1' and port '3121'.
23:40:59 INFO  : 'targets -set -filter {jtag_cable_name =~ "Digilent JTAG-HS1 210512180081" && level==0} -index 1' command is executed.
23:41:02 INFO  : FPGA configured successfully with bitstream "C:/work/Resistor-Capacitance-Inductance-Measurement-System/RCIMS/RCIMS.sdk/system_wrapper_hw_platform_0/system_wrapper.bit"
23:42:28 INFO  : Disconnected from the channel tcfchan#4.
23:42:30 INFO  : 'targets -set -filter {jtag_cable_name =~ "Digilent JTAG-HS1 210512180081" && level==0} -index 1' command is executed.
23:42:30 INFO  : 'fpga -state' command is executed.
23:42:30 INFO  : Connected to target on host '127.0.0.1' and port '3121'.
23:42:31 INFO  : Jtag cable 'Digilent JTAG-HS1 210512180081' is selected.
23:42:31 INFO  : 'jtag frequency' command is executed.
23:42:31 INFO  : Sourcing of 'C:/work/Resistor-Capacitance-Inductance-Measurement-System/RCIMS/RCIMS.sdk/system_wrapper_hw_platform_0/ps7_init.tcl' is done.
23:42:32 INFO  : Context for 'APU' is selected.
23:42:35 INFO  : Hardware design information is loaded from 'C:/work/Resistor-Capacitance-Inductance-Measurement-System/RCIMS/RCIMS.sdk/system_wrapper_hw_platform_0/system.hdf'.
23:42:35 INFO  : 'configparams force-mem-access 1' command is executed.
23:42:35 INFO  : Context for 'APU' is selected.
23:42:35 INFO  : 'stop' command is executed.
23:42:37 INFO  : 'ps7_init' command is executed.
23:42:37 INFO  : 'ps7_post_config' command is executed.
23:42:37 INFO  : Context for processor 'ps7_cortexa9_0' is selected.
23:42:37 INFO  : Processor reset is completed for 'ps7_cortexa9_0'.
23:42:37 INFO  : Context for processor 'ps7_cortexa9_0' is selected.
23:42:38 INFO  : The application 'C:/work/Resistor-Capacitance-Inductance-Measurement-System/RCIMS/RCIMS.sdk/test/Debug/test.elf' is downloaded to processor 'ps7_cortexa9_0'.
23:42:38 INFO  : 'configparams force-mem-access 0' command is executed.
23:42:38 INFO  : ----------------XSDB Script----------------
connect -url tcp:127.0.0.1:3121
source C:/work/Resistor-Capacitance-Inductance-Measurement-System/RCIMS/RCIMS.sdk/system_wrapper_hw_platform_0/ps7_init.tcl
targets -set -nocase -filter {name =~"APU*" && jtag_cable_name =~ "Digilent JTAG-HS1 210512180081"} -index 0
loadhw -hw C:/work/Resistor-Capacitance-Inductance-Measurement-System/RCIMS/RCIMS.sdk/system_wrapper_hw_platform_0/system.hdf -mem-ranges [list {0x40000000 0xbfffffff}]
configparams force-mem-access 1
targets -set -nocase -filter {name =~"APU*" && jtag_cable_name =~ "Digilent JTAG-HS1 210512180081"} -index 0
stop
ps7_init
ps7_post_config
targets -set -nocase -filter {name =~ "ARM*#0" && jtag_cable_name =~ "Digilent JTAG-HS1 210512180081"} -index 0
rst -processor
targets -set -nocase -filter {name =~ "ARM*#0" && jtag_cable_name =~ "Digilent JTAG-HS1 210512180081"} -index 0
dow C:/work/Resistor-Capacitance-Inductance-Measurement-System/RCIMS/RCIMS.sdk/test/Debug/test.elf
configparams force-mem-access 0
----------------End of Script----------------

23:42:38 INFO  : Memory regions updated for context APU
23:42:38 INFO  : Context for processor 'ps7_cortexa9_0' is selected.
23:42:38 INFO  : 'con' command is executed.
23:42:38 INFO  : ----------------XSDB Script (After Launch)----------------
targets -set -nocase -filter {name =~ "ARM*#0" && jtag_cable_name =~ "Digilent JTAG-HS1 210512180081"} -index 0
con
----------------End of Script----------------

23:42:38 INFO  : Launch script is exported to file 'C:\work\Resistor-Capacitance-Inductance-Measurement-System\RCIMS\RCIMS.sdk\.sdk\launch_scripts\xilinx_c-c++_application_(system_debugger)\system_debugger_using_debug_test.elf_on_local.tcl'
23:50:21 INFO  : Disconnected from the channel tcfchan#5.
23:50:24 INFO  : 'targets -set -filter {jtag_cable_name =~ "Digilent JTAG-HS1 210512180081" && level==0} -index 1' command is executed.
23:50:24 INFO  : 'fpga -state' command is executed.
23:50:24 INFO  : Connected to target on host '127.0.0.1' and port '3121'.
23:50:25 INFO  : Jtag cable 'Digilent JTAG-HS1 210512180081' is selected.
23:50:25 INFO  : 'jtag frequency' command is executed.
23:50:26 INFO  : Sourcing of 'C:/work/Resistor-Capacitance-Inductance-Measurement-System/RCIMS/RCIMS.sdk/system_wrapper_hw_platform_0/ps7_init.tcl' is done.
23:50:26 INFO  : Context for 'APU' is selected.
23:50:31 INFO  : Hardware design information is loaded from 'C:/work/Resistor-Capacitance-Inductance-Measurement-System/RCIMS/RCIMS.sdk/system_wrapper_hw_platform_0/system.hdf'.
23:50:31 INFO  : 'configparams force-mem-access 1' command is executed.
23:50:32 INFO  : Context for 'APU' is selected.
23:50:32 INFO  : 'stop' command is executed.
23:50:34 INFO  : 'ps7_init' command is executed.
23:50:34 INFO  : 'ps7_post_config' command is executed.
23:50:35 INFO  : Context for processor 'ps7_cortexa9_0' is selected.
23:50:35 INFO  : Processor reset is completed for 'ps7_cortexa9_0'.
23:50:35 INFO  : Context for processor 'ps7_cortexa9_0' is selected.
23:50:36 INFO  : The application 'C:/work/Resistor-Capacitance-Inductance-Measurement-System/RCIMS/RCIMS.sdk/test/Debug/test.elf' is downloaded to processor 'ps7_cortexa9_0'.
23:50:36 INFO  : 'configparams force-mem-access 0' command is executed.
23:50:36 INFO  : ----------------XSDB Script----------------
connect -url tcp:127.0.0.1:3121
source C:/work/Resistor-Capacitance-Inductance-Measurement-System/RCIMS/RCIMS.sdk/system_wrapper_hw_platform_0/ps7_init.tcl
targets -set -nocase -filter {name =~"APU*" && jtag_cable_name =~ "Digilent JTAG-HS1 210512180081"} -index 0
loadhw -hw C:/work/Resistor-Capacitance-Inductance-Measurement-System/RCIMS/RCIMS.sdk/system_wrapper_hw_platform_0/system.hdf -mem-ranges [list {0x40000000 0xbfffffff}]
configparams force-mem-access 1
targets -set -nocase -filter {name =~"APU*" && jtag_cable_name =~ "Digilent JTAG-HS1 210512180081"} -index 0
stop
ps7_init
ps7_post_config
targets -set -nocase -filter {name =~ "ARM*#0" && jtag_cable_name =~ "Digilent JTAG-HS1 210512180081"} -index 0
rst -processor
targets -set -nocase -filter {name =~ "ARM*#0" && jtag_cable_name =~ "Digilent JTAG-HS1 210512180081"} -index 0
dow C:/work/Resistor-Capacitance-Inductance-Measurement-System/RCIMS/RCIMS.sdk/test/Debug/test.elf
configparams force-mem-access 0
----------------End of Script----------------

23:50:36 INFO  : Memory regions updated for context APU
23:50:37 INFO  : Context for processor 'ps7_cortexa9_0' is selected.
23:50:38 INFO  : 'con' command is executed.
23:50:38 INFO  : ----------------XSDB Script (After Launch)----------------
targets -set -nocase -filter {name =~ "ARM*#0" && jtag_cable_name =~ "Digilent JTAG-HS1 210512180081"} -index 0
con
----------------End of Script----------------

23:50:38 INFO  : Launch script is exported to file 'C:\work\Resistor-Capacitance-Inductance-Measurement-System\RCIMS\RCIMS.sdk\.sdk\launch_scripts\xilinx_c-c++_application_(system_debugger)\system_debugger_using_debug_test.elf_on_local.tcl'
23:53:47 INFO  : Disconnected from the channel tcfchan#6.
23:53:48 INFO  : 'targets -set -filter {jtag_cable_name =~ "Digilent JTAG-HS1 210512180081" && level==0} -index 1' command is executed.
23:53:48 INFO  : 'fpga -state' command is executed.
23:53:48 INFO  : Connected to target on host '127.0.0.1' and port '3121'.
23:53:49 INFO  : Jtag cable 'Digilent JTAG-HS1 210512180081' is selected.
23:53:49 INFO  : 'jtag frequency' command is executed.
23:53:49 INFO  : Sourcing of 'C:/work/Resistor-Capacitance-Inductance-Measurement-System/RCIMS/RCIMS.sdk/system_wrapper_hw_platform_0/ps7_init.tcl' is done.
23:53:49 INFO  : Context for 'APU' is selected.
23:53:52 INFO  : Hardware design information is loaded from 'C:/work/Resistor-Capacitance-Inductance-Measurement-System/RCIMS/RCIMS.sdk/system_wrapper_hw_platform_0/system.hdf'.
23:53:52 INFO  : 'configparams force-mem-access 1' command is executed.
23:53:52 INFO  : Context for 'APU' is selected.
23:53:53 INFO  : 'stop' command is executed.
23:53:59 INFO  : 'ps7_init' command is executed.
23:53:59 INFO  : 'ps7_post_config' command is executed.
23:54:00 INFO  : Context for processor 'ps7_cortexa9_0' is selected.
23:54:00 INFO  : Processor reset is completed for 'ps7_cortexa9_0'.
23:54:00 INFO  : Context for processor 'ps7_cortexa9_0' is selected.
23:54:02 ERROR : Memory write error at 0x100000. AP transaction timeout
23:54:02 INFO  : ----------------XSDB Script----------------
connect -url tcp:127.0.0.1:3121
source C:/work/Resistor-Capacitance-Inductance-Measurement-System/RCIMS/RCIMS.sdk/system_wrapper_hw_platform_0/ps7_init.tcl
targets -set -nocase -filter {name =~"APU*" && jtag_cable_name =~ "Digilent JTAG-HS1 210512180081"} -index 0
loadhw -hw C:/work/Resistor-Capacitance-Inductance-Measurement-System/RCIMS/RCIMS.sdk/system_wrapper_hw_platform_0/system.hdf -mem-ranges [list {0x40000000 0xbfffffff}]
configparams force-mem-access 1
targets -set -nocase -filter {name =~"APU*" && jtag_cable_name =~ "Digilent JTAG-HS1 210512180081"} -index 0
stop
ps7_init
ps7_post_config
targets -set -nocase -filter {name =~ "ARM*#0" && jtag_cable_name =~ "Digilent JTAG-HS1 210512180081"} -index 0
rst -processor
targets -set -nocase -filter {name =~ "ARM*#0" && jtag_cable_name =~ "Digilent JTAG-HS1 210512180081"} -index 0
dow C:/work/Resistor-Capacitance-Inductance-Measurement-System/RCIMS/RCIMS.sdk/test/Debug/test.elf
----------------End of Script----------------

23:54:38 INFO  : 'targets -set -filter {jtag_cable_name =~ "Digilent JTAG-HS1 210512180081" && level==0} -index 1' command is executed.
23:54:38 INFO  : 'fpga -state' command is executed.
23:54:38 INFO  : Connected to target on host '127.0.0.1' and port '3121'.
23:54:39 INFO  : Jtag cable 'Digilent JTAG-HS1 210512180081' is selected.
23:54:39 INFO  : 'jtag frequency' command is executed.
23:54:39 INFO  : Sourcing of 'C:/work/Resistor-Capacitance-Inductance-Measurement-System/RCIMS/RCIMS.sdk/system_wrapper_hw_platform_0/ps7_init.tcl' is done.
23:54:39 INFO  : Context for 'APU' is selected.
23:54:39 INFO  : Hardware design information is loaded from 'C:/work/Resistor-Capacitance-Inductance-Measurement-System/RCIMS/RCIMS.sdk/system_wrapper_hw_platform_0/system.hdf'.
23:54:39 INFO  : 'configparams force-mem-access 1' command is executed.
23:54:39 INFO  : Context for 'APU' is selected.
23:54:39 INFO  : 'stop' command is executed.
23:54:41 INFO  : 'ps7_init' command is executed.
23:54:41 INFO  : 'ps7_post_config' command is executed.
23:54:41 INFO  : Context for processor 'ps7_cortexa9_0' is selected.
23:54:41 INFO  : Processor reset is completed for 'ps7_cortexa9_0'.
23:54:41 INFO  : Context for processor 'ps7_cortexa9_0' is selected.
23:54:42 INFO  : The application 'C:/work/Resistor-Capacitance-Inductance-Measurement-System/RCIMS/RCIMS.sdk/test/Debug/test.elf' is downloaded to processor 'ps7_cortexa9_0'.
23:54:42 INFO  : 'configparams force-mem-access 0' command is executed.
23:54:42 INFO  : ----------------XSDB Script----------------
connect -url tcp:127.0.0.1:3121
source C:/work/Resistor-Capacitance-Inductance-Measurement-System/RCIMS/RCIMS.sdk/system_wrapper_hw_platform_0/ps7_init.tcl
targets -set -nocase -filter {name =~"APU*" && jtag_cable_name =~ "Digilent JTAG-HS1 210512180081"} -index 0
loadhw -hw C:/work/Resistor-Capacitance-Inductance-Measurement-System/RCIMS/RCIMS.sdk/system_wrapper_hw_platform_0/system.hdf -mem-ranges [list {0x40000000 0xbfffffff}]
configparams force-mem-access 1
targets -set -nocase -filter {name =~"APU*" && jtag_cable_name =~ "Digilent JTAG-HS1 210512180081"} -index 0
stop
ps7_init
ps7_post_config
targets -set -nocase -filter {name =~ "ARM*#0" && jtag_cable_name =~ "Digilent JTAG-HS1 210512180081"} -index 0
rst -processor
targets -set -nocase -filter {name =~ "ARM*#0" && jtag_cable_name =~ "Digilent JTAG-HS1 210512180081"} -index 0
dow C:/work/Resistor-Capacitance-Inductance-Measurement-System/RCIMS/RCIMS.sdk/test/Debug/test.elf
configparams force-mem-access 0
----------------End of Script----------------

23:54:42 INFO  : Memory regions updated for context APU
23:54:42 INFO  : Context for processor 'ps7_cortexa9_0' is selected.
23:54:43 INFO  : 'con' command is executed.
23:54:43 INFO  : ----------------XSDB Script (After Launch)----------------
targets -set -nocase -filter {name =~ "ARM*#0" && jtag_cable_name =~ "Digilent JTAG-HS1 210512180081"} -index 0
con
----------------End of Script----------------

23:54:43 INFO  : Launch script is exported to file 'C:\work\Resistor-Capacitance-Inductance-Measurement-System\RCIMS\RCIMS.sdk\.sdk\launch_scripts\xilinx_c-c++_application_(system_debugger)\system_debugger_using_debug_test.elf_on_local.tcl'
00:17:33 INFO  : Disconnected from the channel tcfchan#7.
