Exception at PC 0x00007FFB3C391A52
Attemped to write at address 0x00007FFB6762ABA4
Printing stacktrace...

[0]  [0x00007FFB3C391A52]
[1]  [0x00007FFB3C391A52]
[2]  [0x00007FFB3C391AD4]
[3]  [0x00007FFB3C4D3FF7]
[4]  [0x00007FFB3C3B9128]
[5]  [0x00007FFB3C66DFB9]
[6]  [0x00007FFB3C83EF23]
[7]  [0x00007FFB3C74B06B]
[8]  [0x00007FFB3C7408AF]
[9]  [0x00007FFB3C740A32]
[10] (RtlDeactivateActivationContextUnsafeFast+0x1bf) [0x00007FFB8C17A37F]
[11] (LdrShutdownProcess+0x14b) [0x00007FFB8C15806B]
[12] (RtlExitUserProcess+0xb4) [0x00007FFB8C157D94]
[13] (ExitProcess+0xa) [0x00007FFB8970CE6A]
[14] (exit+0x85) [0x00007FFB8BE8A4A5]
[15] (initterm_e+0x231) [0x00007FFB8BE8AB01]
[16]  [0x00000000004014CD]
[17]  [0x000000000040151B]
[18] (BaseThreadInitThunk+0x14) [0x00007FFB896F8364]
[19] (RtlUserThreadStart+0x21) [0x00007FFB8C1B7091]
Done
