Exception at PC 0x00007FFB37111A52
Attemped to write at address 0x00007FFB6CA4ABA4
Printing stacktrace...

[0]  [0x00007FFB37111A52]
[1]  [0x00007FFB37111A52]
[2]  [0x00007FFB37111AD4]
[3]  [0x00007FFB37253FF7]
[4]  [0x00007FFB37139128]
[5]  [0x00007FFB373EDFB9]
[6]  [0x00007FFB375BEF23]
[7]  [0x00007FFB374CB06B]
[8]  [0x00007FFB374C08AF]
[9]  [0x00007FFB374C0A32]
[10] (RtlDeactivateActivationContextUnsafeFast+0x1bf) [0x00007FFB8C17A37F]
[11] (LdrShutdownProcess+0x14b) [0x00007FFB8C15806B]
[12] (RtlExitUserProcess+0xb4) [0x00007FFB8C157D94]
[13] (ExitProcess+0xa) [0x00007FFB8970CE6A]
[14] (exit+0x85) [0x00007FFB8BE8A4A5]
[15] (initterm_e+0x231) [0x00007FFB8BE8AB01]
[16]  [0x00000000004014CD]
[17]  [0x000000000040151B]
[18] (BaseThreadInitThunk+0x14) [0x00007FFB896F8364]
[19] (RtlUserThreadStart+0x21) [0x00007FFB8C1B7091]
Done
